The target system is: Linux -  - 
The host system is: Linux - 5.8.0-36-generic - x86_64
Compiling the C compiler identification source file "CMakeCCompilerId.c" succeeded.
Compiler: /home/isidro/poky_sdk2/tmp/sysroots/x86_64/usr/bin/aarch64-poky-linux/aarch64-poky-linux-gcc -mcpu=cortex-a53+crc;-fstack-protector-strong;-D_FORTIFY_SOURCE=2;-Wformat;-Wformat-security;-Werror=format-security;--sysroot=/home/isidro/poky_sdk2/tmp/sysroots/raspberrypi3-64
Build flags: ;-O2;-pipe;-g;-feliminate-unused-debug-types;
Id flags:  

The output was:
0


Compilation of the C compiler identification source "CMakeCCompilerId.c" produced "a.out"

The C compiler identification is GNU, found in "/home/isidro/embedded-linux/rpi-ws2812-server/build/CMakeFiles/3.16.5/CompilerIdC/a.out"

Compiling the CXX compiler identification source file "CMakeCXXCompilerId.cpp" succeeded.
Compiler: /home/isidro/poky_sdk2/tmp/sysroots/x86_64/usr/bin/aarch64-poky-linux/aarch64-poky-linux-g++ -mcpu=cortex-a53+crc;-fstack-protector-strong;-D_FORTIFY_SOURCE=2;-Wformat;-Wformat-security;-Werror=format-security;--sysroot=/home/isidro/poky_sdk2/tmp/sysroots/raspberrypi3-64
Build flags: ;-O2;-pipe;-g;-feliminate-unused-debug-types;
Id flags:  

The output was:
0


Compilation of the CXX compiler identification source "CMakeCXXCompilerId.cpp" produced "a.out"

The CXX compiler identification is GNU, found in "/home/isidro/embedded-linux/rpi-ws2812-server/build/CMakeFiles/3.16.5/CompilerIdCXX/a.out"

Determining if the C compiler works passed with the following output:
Change Dir: /home/isidro/embedded-linux/rpi-ws2812-server/build/CMakeFiles/CMakeTmp

Run Build Command(s):/home/isidro/poky_sdk2/buildtools/sysroots/x86_64-pokysdk-linux/usr/bin/make cmTC_00667/fast && /home/isidro/poky_sdk2/buildtools/sysroots/x86_64-pokysdk-linux/usr/bin/make -f CMakeFiles/cmTC_00667.dir/build.make CMakeFiles/cmTC_00667.dir/build
make[1]: Entering directory '/home/isidro/embedded-linux/rpi-ws2812-server/build/CMakeFiles/CMakeTmp'
Building C object CMakeFiles/cmTC_00667.dir/testCCompiler.c.o
/home/isidro/poky_sdk2/tmp/sysroots/x86_64/usr/bin/aarch64-poky-linux/aarch64-poky-linux-gcc   -mcpu=cortex-a53+crc -fstack-protector-strong  -D_FORTIFY_SOURCE=2 -Wformat -Wformat-security -Werror=format-security --sysroot=/home/isidro/poky_sdk2/tmp/sysroots/raspberrypi3-64 --sysroot=/home/isidro/poky_sdk2/tmp/sysroots/raspberrypi3-64   -O2 -pipe -g -feliminate-unused-debug-types     -o CMakeFiles/cmTC_00667.dir/testCCompiler.c.o   -c /home/isidro/embedded-linux/rpi-ws2812-server/build/CMakeFiles/CMakeTmp/testCCompiler.c
Linking C executable cmTC_00667
/home/isidro/poky_sdk2/tmp/sysroots/x86_64/usr/bin/cmake -E cmake_link_script CMakeFiles/cmTC_00667.dir/link.txt --verbose=1
/home/isidro/poky_sdk2/tmp/sysroots/x86_64/usr/bin/aarch64-poky-linux/aarch64-poky-linux-gcc   -mcpu=cortex-a53+crc -fstack-protector-strong  -D_FORTIFY_SOURCE=2 -Wformat -Wformat-security -Werror=format-security --sysroot=/home/isidro/poky_sdk2/tmp/sysroots/raspberrypi3-64 --sysroot=/home/isidro/poky_sdk2/tmp/sysroots/raspberrypi3-64  -O2 -pipe -g -feliminate-unused-debug-types    -Wl,-O1 -Wl,--hash-style=gnu -Wl,--as-needed -fstack-protector-strong -Wl,-z,relro,-z,now  -rdynamic CMakeFiles/cmTC_00667.dir/testCCompiler.c.o  -o cmTC_00667 
make[1]: Leaving directory '/home/isidro/embedded-linux/rpi-ws2812-server/build/CMakeFiles/CMakeTmp'



Detecting C compiler ABI info compiled with the following output:
Change Dir: /home/isidro/embedded-linux/rpi-ws2812-server/build/CMakeFiles/CMakeTmp

Run Build Command(s):/home/isidro/poky_sdk2/buildtools/sysroots/x86_64-pokysdk-linux/usr/bin/make cmTC_ca9b9/fast && /home/isidro/poky_sdk2/buildtools/sysroots/x86_64-pokysdk-linux/usr/bin/make -f CMakeFiles/cmTC_ca9b9.dir/build.make CMakeFiles/cmTC_ca9b9.dir/build
make[1]: Entering directory '/home/isidro/embedded-linux/rpi-ws2812-server/build/CMakeFiles/CMakeTmp'
Building C object CMakeFiles/cmTC_ca9b9.dir/CMakeCCompilerABI.c.o
/home/isidro/poky_sdk2/tmp/sysroots/x86_64/usr/bin/aarch64-poky-linux/aarch64-poky-linux-gcc   -mcpu=cortex-a53+crc -fstack-protector-strong  -D_FORTIFY_SOURCE=2 -Wformat -Wformat-security -Werror=format-security --sysroot=/home/isidro/poky_sdk2/tmp/sysroots/raspberrypi3-64 --sysroot=/home/isidro/poky_sdk2/tmp/sysroots/raspberrypi3-64   -O2 -pipe -g -feliminate-unused-debug-types     -v -o CMakeFiles/cmTC_ca9b9.dir/CMakeCCompilerABI.c.o   -c /home/isidro/poky_sdk2/tmp/sysroots/x86_64/usr/share/cmake-3.16/Modules/CMakeCCompilerABI.c
Using built-in specs.
COLLECT_GCC=/home/isidro/poky_sdk2/tmp/sysroots/x86_64/usr/bin/aarch64-poky-linux/aarch64-poky-linux-gcc
Target: aarch64-poky-linux
Configured with: ../../../../../../work-shared/gcc-9.3.0-r0/gcc-9.3.0/configure --build=x86_64-linux --host=x86_64-linux --target=aarch64-poky-linux --prefix=/host-native/usr --exec_prefix=/host-native/usr --bindir=/host-native/usr/bin/aarch64-poky-linux --sbindir=/host-native/usr/bin/aarch64-poky-linux --libexecdir=/host-native/usr/libexec/aarch64-poky-linux --datadir=/host-native/usr/share --sysconfdir=/host-native/etc --sharedstatedir=/host-native/com --localstatedir=/host-native/var --libdir=/host-native/usr/lib/aarch64-poky-linux --includedir=/host-native/usr/include --oldincludedir=/host-native/usr/include --infodir=/host-native/usr/share/info --mandir=/host-native/usr/share/man --disable-silent-rules --disable-dependency-tracking --with-libtool-sysroot=/host-native --enable-clocale=generic --with-gnu-ld --enable-shared --enable-languages=c,c++ --enable-threads=posix --disable-multilib --enable-default-pie --enable-c99 --enable-long-long --enable-symvers=gnu --enable-libstdcxx-pch --program-prefix=aarch64-poky-linux- --without-local-prefix --disable-install-libiberty --enable-lto --disable-libssp --enable-libitm --disable-bootstrap --disable-libmudflap --with-system-zlib --with-linker-hash-style=sysv --enable-linker-build-id --with-ppl=no --with-cloog=no --enable-checking=release --enable-cheaders=c_global --without-isl --with-gxx-include-dir=/not/exist/usr/include/c++/9.3.0 --with-sysroot=/not/exist --with-build-sysroot=/host --enable-poison-system-directories --with-system-zlib --disable-static --disable-nls --with-glibc-version=2.28 --enable-initfini-array --enable-__cxa_atexit
Thread model: posix
gcc version 9.3.0 (GCC) 
COLLECT_GCC_OPTIONS='--sysroot=/home/isidro/poky_sdk2/tmp/sysroots/raspberrypi3-64' '-mcpu=cortex-a53+crc' '-fstack-protector-strong' '-D' '_FORTIFY_SOURCE=2' '-Wformat=1' '-Wformat-security' '-Werror=format-security' '-O2' '-pipe' '-g' '-feliminate-unused-debug-types' '-v' '-o' 'CMakeFiles/cmTC_ca9b9.dir/CMakeCCompilerABI.c.o' '-c' '-mlittle-endian' '-mabi=lp64'
 /home/isidro/poky_sdk2/tmp/sysroots/x86_64/usr/bin/aarch64-poky-linux/../../libexec/aarch64-poky-linux/gcc/aarch64-poky-linux/9.3.0/cc1 -quiet -v -iprefix /home/isidro/poky_sdk2/tmp/sysroots/x86_64/usr/bin/aarch64-poky-linux/../../lib/aarch64-poky-linux/gcc/aarch64-poky-linux/9.3.0/ -isysroot /home/isidro/poky_sdk2/tmp/sysroots/raspberrypi3-64 -D _FORTIFY_SOURCE=2 /home/isidro/poky_sdk2/tmp/sysroots/x86_64/usr/share/cmake-3.16/Modules/CMakeCCompilerABI.c -quiet -dumpbase CMakeCCompilerABI.c -mcpu=cortex-a53+crc -mlittle-endian -mabi=lp64 -auxbase-strip CMakeFiles/cmTC_ca9b9.dir/CMakeCCompilerABI.c.o -g -O2 -Wformat=1 -Wformat-security -Werror=format-security -version -fstack-protector-strong -feliminate-unused-debug-types -o - |
 /home/isidro/poky_sdk2/tmp/sysroots/x86_64/usr/bin/aarch64-poky-linux/../../libexec/aarch64-poky-linux/gcc/aarch64-poky-linux/9.3.0/as -v -EL -march=armv8-a+crc -mabi=lp64 -o CMakeFiles/cmTC_ca9b9.dir/CMakeCCompilerABI.c.o
GNU assembler version 2.34.0 (aarch64-poky-linux) using BFD version (GNU Binutils) 2.34.0.20200220
GNU C17 (GCC) version 9.3.0 (aarch64-poky-linux)
	compiled by GNU C version 9.3.0, GMP version 6.2.0, MPFR version 4.0.2, MPC version 1.1.0, isl version none
GGC heuristics: --param ggc-min-expand=100 --param ggc-min-heapsize=131072
ignoring nonexistent directory "/home/isidro/poky_sdk2/tmp/sysroots/x86_64/usr/bin/aarch64-poky-linux/../../lib/aarch64-poky-linux/gcc/aarch64-poky-linux/9.3.0/../../../../../aarch64-poky-linux/include"
ignoring duplicate directory "/home/isidro/poky_sdk2/tmp/sysroots/x86_64/usr/bin/aarch64-poky-linux/../../lib/aarch64-poky-linux/gcc/../../../lib/aarch64-poky-linux/gcc/aarch64-poky-linux/9.3.0/include"
ignoring nonexistent directory "/home/isidro/poky_sdk2/tmp/sysroots/raspberrypi3-64/usr/local/include"
ignoring duplicate directory "/home/isidro/poky_sdk2/tmp/sysroots/x86_64/usr/bin/aarch64-poky-linux/../../lib/aarch64-poky-linux/gcc/../../../lib/aarch64-poky-linux/gcc/aarch64-poky-linux/9.3.0/include-fixed"
ignoring nonexistent directory "/home/isidro/poky_sdk2/tmp/sysroots/x86_64/usr/bin/aarch64-poky-linux/../../lib/aarch64-poky-linux/gcc/../../../lib/aarch64-poky-linux/gcc/aarch64-poky-linux/9.3.0/../../../../../aarch64-poky-linux/include"
#include "..." search starts here:
#include <...> search starts here:
 /home/isidro/poky_sdk2/tmp/sysroots/x86_64/usr/bin/aarch64-poky-linux/../../lib/aarch64-poky-linux/gcc/aarch64-poky-linux/9.3.0/include
 /home/isidro/poky_sdk2/tmp/sysroots/x86_64/usr/bin/aarch64-poky-linux/../../lib/aarch64-poky-linux/gcc/aarch64-poky-linux/9.3.0/include-fixed
 /home/isidro/poky_sdk2/tmp/sysroots/raspberrypi3-64/usr/lib/aarch64-poky-linux/9.3.0/include
 /home/isidro/poky_sdk2/tmp/sysroots/raspberrypi3-64/usr/include
End of search list.
GNU C17 (GCC) version 9.3.0 (aarch64-poky-linux)
	compiled by GNU C version 9.3.0, GMP version 6.2.0, MPFR version 4.0.2, MPC version 1.1.0, isl version none
GGC heuristics: --param ggc-min-expand=100 --param ggc-min-heapsize=131072
Compiler executable checksum: 7fb333ec893249ad214ebdab23f4c34d
COMPILER_PATH=/home/isidro/poky_sdk2/tmp/sysroots/x86_64/usr/bin/aarch64-poky-linux/../../libexec/aarch64-poky-linux/gcc/aarch64-poky-linux/9.3.0/:/home/isidro/poky_sdk2/tmp/sysroots/x86_64/usr/bin/aarch64-poky-linux/../../libexec/aarch64-poky-linux/gcc/
LIBRARY_PATH=/home/isidro/poky_sdk2/tmp/sysroots/x86_64/usr/bin/aarch64-poky-linux/../../lib/aarch64-poky-linux/gcc/aarch64-poky-linux/9.3.0/:/home/isidro/poky_sdk2/tmp/sysroots/x86_64/usr/bin/aarch64-poky-linux/../../lib/aarch64-poky-linux/gcc/:/home/isidro/poky_sdk2/tmp/sysroots/raspberrypi3-64/lib/:/home/isidro/poky_sdk2/tmp/sysroots/raspberrypi3-64/usr/lib/aarch64-poky-linux/9.3.0/:/home/isidro/poky_sdk2/tmp/sysroots/raspberrypi3-64/usr/lib/
COLLECT_GCC_OPTIONS='--sysroot=/home/isidro/poky_sdk2/tmp/sysroots/raspberrypi3-64' '-mcpu=cortex-a53+crc' '-fstack-protector-strong' '-D' '_FORTIFY_SOURCE=2' '-Wformat=1' '-Wformat-security' '-Werror=format-security' '-O2' '-pipe' '-g' '-feliminate-unused-debug-types' '-v' '-o' 'CMakeFiles/cmTC_ca9b9.dir/CMakeCCompilerABI.c.o' '-c' '-mlittle-endian' '-mabi=lp64'
Linking C executable cmTC_ca9b9
/home/isidro/poky_sdk2/tmp/sysroots/x86_64/usr/bin/cmake -E cmake_link_script CMakeFiles/cmTC_ca9b9.dir/link.txt --verbose=1
/home/isidro/poky_sdk2/tmp/sysroots/x86_64/usr/bin/aarch64-poky-linux/aarch64-poky-linux-gcc   -mcpu=cortex-a53+crc -fstack-protector-strong  -D_FORTIFY_SOURCE=2 -Wformat -Wformat-security -Werror=format-security --sysroot=/home/isidro/poky_sdk2/tmp/sysroots/raspberrypi3-64 --sysroot=/home/isidro/poky_sdk2/tmp/sysroots/raspberrypi3-64  -O2 -pipe -g -feliminate-unused-debug-types    -Wl,-O1 -Wl,--hash-style=gnu -Wl,--as-needed -fstack-protector-strong -Wl,-z,relro,-z,now -v -rdynamic CMakeFiles/cmTC_ca9b9.dir/CMakeCCompilerABI.c.o  -o cmTC_ca9b9 
Using built-in specs.
COLLECT_GCC=/home/isidro/poky_sdk2/tmp/sysroots/x86_64/usr/bin/aarch64-poky-linux/aarch64-poky-linux-gcc
COLLECT_LTO_WRAPPER=/home/isidro/poky_sdk2/tmp/sysroots/x86_64/usr/bin/aarch64-poky-linux/../../libexec/aarch64-poky-linux/gcc/aarch64-poky-linux/9.3.0/lto-wrapper
Target: aarch64-poky-linux
Configured with: ../../../../../../work-shared/gcc-9.3.0-r0/gcc-9.3.0/configure --build=x86_64-linux --host=x86_64-linux --target=aarch64-poky-linux --prefix=/host-native/usr --exec_prefix=/host-native/usr --bindir=/host-native/usr/bin/aarch64-poky-linux --sbindir=/host-native/usr/bin/aarch64-poky-linux --libexecdir=/host-native/usr/libexec/aarch64-poky-linux --datadir=/host-native/usr/share --sysconfdir=/host-native/etc --sharedstatedir=/host-native/com --localstatedir=/host-native/var --libdir=/host-native/usr/lib/aarch64-poky-linux --includedir=/host-native/usr/include --oldincludedir=/host-native/usr/include --infodir=/host-native/usr/share/info --mandir=/host-native/usr/share/man --disable-silent-rules --disable-dependency-tracking --with-libtool-sysroot=/host-native --enable-clocale=generic --with-gnu-ld --enable-shared --enable-languages=c,c++ --enable-threads=posix --disable-multilib --enable-default-pie --enable-c99 --enable-long-long --enable-symvers=gnu --enable-libstdcxx-pch --program-prefix=aarch64-poky-linux- --without-local-prefix --disable-install-libiberty --enable-lto --disable-libssp --enable-libitm --disable-bootstrap --disable-libmudflap --with-system-zlib --with-linker-hash-style=sysv --enable-linker-build-id --with-ppl=no --with-cloog=no --enable-checking=release --enable-cheaders=c_global --without-isl --with-gxx-include-dir=/not/exist/usr/include/c++/9.3.0 --with-sysroot=/not/exist --with-build-sysroot=/host --enable-poison-system-directories --with-system-zlib --disable-static --disable-nls --with-glibc-version=2.28 --enable-initfini-array --enable-__cxa_atexit
Thread model: posix
gcc version 9.3.0 (GCC) 
COMPILER_PATH=/home/isidro/poky_sdk2/tmp/sysroots/x86_64/usr/bin/aarch64-poky-linux/../../libexec/aarch64-poky-linux/gcc/aarch64-poky-linux/9.3.0/:/home/isidro/poky_sdk2/tmp/sysroots/x86_64/usr/bin/aarch64-poky-linux/../../libexec/aarch64-poky-linux/gcc/
LIBRARY_PATH=/home/isidro/poky_sdk2/tmp/sysroots/x86_64/usr/bin/aarch64-poky-linux/../../lib/aarch64-poky-linux/gcc/aarch64-poky-linux/9.3.0/:/home/isidro/poky_sdk2/tmp/sysroots/x86_64/usr/bin/aarch64-poky-linux/../../lib/aarch64-poky-linux/gcc/:/home/isidro/poky_sdk2/tmp/sysroots/raspberrypi3-64/lib/:/home/isidro/poky_sdk2/tmp/sysroots/raspberrypi3-64/usr/lib/aarch64-poky-linux/9.3.0/:/home/isidro/poky_sdk2/tmp/sysroots/raspberrypi3-64/usr/lib/
COLLECT_GCC_OPTIONS='--sysroot=/home/isidro/poky_sdk2/tmp/sysroots/raspberrypi3-64' '-mcpu=cortex-a53+crc' '-fstack-protector-strong' '-D' '_FORTIFY_SOURCE=2' '-Wformat=1' '-Wformat-security' '-Werror=format-security' '-O2' '-pipe' '-g' '-feliminate-unused-debug-types' '-fstack-protector-strong' '-v' '-rdynamic' '-o' 'cmTC_ca9b9' '-mlittle-endian' '-mabi=lp64'
 /home/isidro/poky_sdk2/tmp/sysroots/x86_64/usr/bin/aarch64-poky-linux/../../libexec/aarch64-poky-linux/gcc/aarch64-poky-linux/9.3.0/collect2 -plugin /home/isidro/poky_sdk2/tmp/sysroots/x86_64/usr/bin/aarch64-poky-linux/../../libexec/aarch64-poky-linux/gcc/aarch64-poky-linux/9.3.0/liblto_plugin.so -plugin-opt=/home/isidro/poky_sdk2/tmp/sysroots/x86_64/usr/bin/aarch64-poky-linux/../../libexec/aarch64-poky-linux/gcc/aarch64-poky-linux/9.3.0/lto-wrapper -plugin-opt=-fresolution=/tmp/ccvYvJEW.res -plugin-opt=-pass-through=-lgcc -plugin-opt=-pass-through=-lgcc_s -plugin-opt=-pass-through=-lc -plugin-opt=-pass-through=-lgcc -plugin-opt=-pass-through=-lgcc_s --sysroot=/home/isidro/poky_sdk2/tmp/sysroots/raspberrypi3-64 --build-id --eh-frame-hdr --hash-style=sysv -export-dynamic -dynamic-linker /lib/ld-linux-aarch64.so.1 -X -EL -maarch64linux -pie -o cmTC_ca9b9 /home/isidro/poky_sdk2/tmp/sysroots/raspberrypi3-64/usr/lib/Scrt1.o /home/isidro/poky_sdk2/tmp/sysroots/raspberrypi3-64/usr/lib/crti.o /home/isidro/poky_sdk2/tmp/sysroots/raspberrypi3-64/usr/lib/aarch64-poky-linux/9.3.0/crtbeginS.o -L/home/isidro/poky_sdk2/tmp/sysroots/x86_64/usr/bin/aarch64-poky-linux/../../lib/aarch64-poky-linux/gcc/aarch64-poky-linux/9.3.0 -L/home/isidro/poky_sdk2/tmp/sysroots/x86_64/usr/bin/aarch64-poky-linux/../../lib/aarch64-poky-linux/gcc -L/home/isidro/poky_sdk2/tmp/sysroots/raspberrypi3-64/lib -L/home/isidro/poky_sdk2/tmp/sysroots/raspberrypi3-64/usr/lib/aarch64-poky-linux/9.3.0 -L/home/isidro/poky_sdk2/tmp/sysroots/raspberrypi3-64/usr/lib -O1 --hash-style=gnu --as-needed -z relro -z now CMakeFiles/cmTC_ca9b9.dir/CMakeCCompilerABI.c.o -lgcc --push-state --as-needed -lgcc_s --pop-state -lc -lgcc --push-state --as-needed -lgcc_s --pop-state /home/isidro/poky_sdk2/tmp/sysroots/raspberrypi3-64/usr/lib/aarch64-poky-linux/9.3.0/crtendS.o /home/isidro/poky_sdk2/tmp/sysroots/raspberrypi3-64/usr/lib/crtn.o
COLLECT_GCC_OPTIONS='--sysroot=/home/isidro/poky_sdk2/tmp/sysroots/raspberrypi3-64' '-mcpu=cortex-a53+crc' '-fstack-protector-strong' '-D' '_FORTIFY_SOURCE=2' '-Wformat=1' '-Wformat-security' '-Werror=format-security' '-O2' '-pipe' '-g' '-feliminate-unused-debug-types' '-fstack-protector-strong' '-v' '-rdynamic' '-o' 'cmTC_ca9b9' '-mlittle-endian' '-mabi=lp64'
make[1]: Leaving directory '/home/isidro/embedded-linux/rpi-ws2812-server/build/CMakeFiles/CMakeTmp'



Parsed C implicit include dir info from above output: rv=done
  found start of include info
  found start of implicit include info
    add: [/home/isidro/poky_sdk2/tmp/sysroots/x86_64/usr/bin/aarch64-poky-linux/../../lib/aarch64-poky-linux/gcc/aarch64-poky-linux/9.3.0/include]
    add: [/home/isidro/poky_sdk2/tmp/sysroots/x86_64/usr/bin/aarch64-poky-linux/../../lib/aarch64-poky-linux/gcc/aarch64-poky-linux/9.3.0/include-fixed]
    add: [/home/isidro/poky_sdk2/tmp/sysroots/raspberrypi3-64/usr/lib/aarch64-poky-linux/9.3.0/include]
    add: [/home/isidro/poky_sdk2/tmp/sysroots/raspberrypi3-64/usr/include]
  end of search list found
  collapse include dir [/home/isidro/poky_sdk2/tmp/sysroots/x86_64/usr/bin/aarch64-poky-linux/../../lib/aarch64-poky-linux/gcc/aarch64-poky-linux/9.3.0/include] ==> [/home/isidro/poky_sdk2/tmp/sysroots/x86_64/usr/lib/aarch64-poky-linux/gcc/aarch64-poky-linux/9.3.0/include]
  collapse include dir [/home/isidro/poky_sdk2/tmp/sysroots/x86_64/usr/bin/aarch64-poky-linux/../../lib/aarch64-poky-linux/gcc/aarch64-poky-linux/9.3.0/include-fixed] ==> [/home/isidro/poky_sdk2/tmp/sysroots/x86_64/usr/lib/aarch64-poky-linux/gcc/aarch64-poky-linux/9.3.0/include-fixed]
  collapse include dir [/home/isidro/poky_sdk2/tmp/sysroots/raspberrypi3-64/usr/lib/aarch64-poky-linux/9.3.0/include] ==> [/home/isidro/poky_sdk2/tmp/sysroots/raspberrypi3-64/usr/lib/aarch64-poky-linux/9.3.0/include]
  collapse include dir [/home/isidro/poky_sdk2/tmp/sysroots/raspberrypi3-64/usr/include] ==> [/home/isidro/poky_sdk2/tmp/sysroots/raspberrypi3-64/usr/include]
  implicit include dirs: [/home/isidro/poky_sdk2/tmp/sysroots/x86_64/usr/lib/aarch64-poky-linux/gcc/aarch64-poky-linux/9.3.0/include;/home/isidro/poky_sdk2/tmp/sysroots/x86_64/usr/lib/aarch64-poky-linux/gcc/aarch64-poky-linux/9.3.0/include-fixed;/home/isidro/poky_sdk2/tmp/sysroots/raspberrypi3-64/usr/lib/aarch64-poky-linux/9.3.0/include;/home/isidro/poky_sdk2/tmp/sysroots/raspberrypi3-64/usr/include]


Parsed C implicit link information from above output:
  link line regex: [^( *|.*[/\])(aarch64-poky-linux-ld|CMAKE_LINK_STARTFILE-NOTFOUND|([^/\]+-)?ld|collect2)[^/\]*( |$)]
  ignore line: [Change Dir: /home/isidro/embedded-linux/rpi-ws2812-server/build/CMakeFiles/CMakeTmp]
  ignore line: []
  ignore line: [Run Build Command(s):/home/isidro/poky_sdk2/buildtools/sysroots/x86_64-pokysdk-linux/usr/bin/make cmTC_ca9b9/fast && /home/isidro/poky_sdk2/buildtools/sysroots/x86_64-pokysdk-linux/usr/bin/make -f CMakeFiles/cmTC_ca9b9.dir/build.make CMakeFiles/cmTC_ca9b9.dir/build]
  ignore line: [make[1]: Entering directory '/home/isidro/embedded-linux/rpi-ws2812-server/build/CMakeFiles/CMakeTmp']
  ignore line: [Building C object CMakeFiles/cmTC_ca9b9.dir/CMakeCCompilerABI.c.o]
  ignore line: [/home/isidro/poky_sdk2/tmp/sysroots/x86_64/usr/bin/aarch64-poky-linux/aarch64-poky-linux-gcc   -mcpu=cortex-a53+crc -fstack-protector-strong  -D_FORTIFY_SOURCE=2 -Wformat -Wformat-security -Werror=format-security --sysroot=/home/isidro/poky_sdk2/tmp/sysroots/raspberrypi3-64 --sysroot=/home/isidro/poky_sdk2/tmp/sysroots/raspberrypi3-64   -O2 -pipe -g -feliminate-unused-debug-types     -v -o CMakeFiles/cmTC_ca9b9.dir/CMakeCCompilerABI.c.o   -c /home/isidro/poky_sdk2/tmp/sysroots/x86_64/usr/share/cmake-3.16/Modules/CMakeCCompilerABI.c]
  ignore line: [Using built-in specs.]
  ignore line: [COLLECT_GCC=/home/isidro/poky_sdk2/tmp/sysroots/x86_64/usr/bin/aarch64-poky-linux/aarch64-poky-linux-gcc]
  ignore line: [Target: aarch64-poky-linux]
  ignore line: [Configured with: ../../../../../../work-shared/gcc-9.3.0-r0/gcc-9.3.0/configure --build=x86_64-linux --host=x86_64-linux --target=aarch64-poky-linux --prefix=/host-native/usr --exec_prefix=/host-native/usr --bindir=/host-native/usr/bin/aarch64-poky-linux --sbindir=/host-native/usr/bin/aarch64-poky-linux --libexecdir=/host-native/usr/libexec/aarch64-poky-linux --datadir=/host-native/usr/share --sysconfdir=/host-native/etc --sharedstatedir=/host-native/com --localstatedir=/host-native/var --libdir=/host-native/usr/lib/aarch64-poky-linux --includedir=/host-native/usr/include --oldincludedir=/host-native/usr/include --infodir=/host-native/usr/share/info --mandir=/host-native/usr/share/man --disable-silent-rules --disable-dependency-tracking --with-libtool-sysroot=/host-native --enable-clocale=generic --with-gnu-ld --enable-shared --enable-languages=c,c++ --enable-threads=posix --disable-multilib --enable-default-pie --enable-c99 --enable-long-long --enable-symvers=gnu --enable-libstdcxx-pch --program-prefix=aarch64-poky-linux- --without-local-prefix --disable-install-libiberty --enable-lto --disable-libssp --enable-libitm --disable-bootstrap --disable-libmudflap --with-system-zlib --with-linker-hash-style=sysv --enable-linker-build-id --with-ppl=no --with-cloog=no --enable-checking=release --enable-cheaders=c_global --without-isl --with-gxx-include-dir=/not/exist/usr/include/c++/9.3.0 --with-sysroot=/not/exist --with-build-sysroot=/host --enable-poison-system-directories --with-system-zlib --disable-static --disable-nls --with-glibc-version=2.28 --enable-initfini-array --enable-__cxa_atexit]
  ignore line: [Thread model: posix]
  ignore line: [gcc version 9.3.0 (GCC) ]
  ignore line: [COLLECT_GCC_OPTIONS='--sysroot=/home/isidro/poky_sdk2/tmp/sysroots/raspberrypi3-64' '-mcpu=cortex-a53+crc' '-fstack-protector-strong' '-D' '_FORTIFY_SOURCE=2' '-Wformat=1' '-Wformat-security' '-Werror=format-security' '-O2' '-pipe' '-g' '-feliminate-unused-debug-types' '-v' '-o' 'CMakeFiles/cmTC_ca9b9.dir/CMakeCCompilerABI.c.o' '-c' '-mlittle-endian' '-mabi=lp64']
  ignore line: [ /home/isidro/poky_sdk2/tmp/sysroots/x86_64/usr/bin/aarch64-poky-linux/../../libexec/aarch64-poky-linux/gcc/aarch64-poky-linux/9.3.0/cc1 -quiet -v -iprefix /home/isidro/poky_sdk2/tmp/sysroots/x86_64/usr/bin/aarch64-poky-linux/../../lib/aarch64-poky-linux/gcc/aarch64-poky-linux/9.3.0/ -isysroot /home/isidro/poky_sdk2/tmp/sysroots/raspberrypi3-64 -D _FORTIFY_SOURCE=2 /home/isidro/poky_sdk2/tmp/sysroots/x86_64/usr/share/cmake-3.16/Modules/CMakeCCompilerABI.c -quiet -dumpbase CMakeCCompilerABI.c -mcpu=cortex-a53+crc -mlittle-endian -mabi=lp64 -auxbase-strip CMakeFiles/cmTC_ca9b9.dir/CMakeCCompilerABI.c.o -g -O2 -Wformat=1 -Wformat-security -Werror=format-security -version -fstack-protector-strong -feliminate-unused-debug-types -o - |]
  ignore line: [ /home/isidro/poky_sdk2/tmp/sysroots/x86_64/usr/bin/aarch64-poky-linux/../../libexec/aarch64-poky-linux/gcc/aarch64-poky-linux/9.3.0/as -v -EL -march=armv8-a+crc -mabi=lp64 -o CMakeFiles/cmTC_ca9b9.dir/CMakeCCompilerABI.c.o]
  ignore line: [GNU assembler version 2.34.0 (aarch64-poky-linux) using BFD version (GNU Binutils) 2.34.0.20200220]
  ignore line: [GNU C17 (GCC) version 9.3.0 (aarch64-poky-linux)]
  ignore line: [	compiled by GNU C version 9.3.0  GMP version 6.2.0  MPFR version 4.0.2  MPC version 1.1.0  isl version none]
  ignore line: [GGC heuristics: --param ggc-min-expand=100 --param ggc-min-heapsize=131072]
  ignore line: [ignoring nonexistent directory "/home/isidro/poky_sdk2/tmp/sysroots/x86_64/usr/bin/aarch64-poky-linux/../../lib/aarch64-poky-linux/gcc/aarch64-poky-linux/9.3.0/../../../../../aarch64-poky-linux/include"]
  ignore line: [ignoring duplicate directory "/home/isidro/poky_sdk2/tmp/sysroots/x86_64/usr/bin/aarch64-poky-linux/../../lib/aarch64-poky-linux/gcc/../../../lib/aarch64-poky-linux/gcc/aarch64-poky-linux/9.3.0/include"]
  ignore line: [ignoring nonexistent directory "/home/isidro/poky_sdk2/tmp/sysroots/raspberrypi3-64/usr/local/include"]
  ignore line: [ignoring duplicate directory "/home/isidro/poky_sdk2/tmp/sysroots/x86_64/usr/bin/aarch64-poky-linux/../../lib/aarch64-poky-linux/gcc/../../../lib/aarch64-poky-linux/gcc/aarch64-poky-linux/9.3.0/include-fixed"]
  ignore line: [ignoring nonexistent directory "/home/isidro/poky_sdk2/tmp/sysroots/x86_64/usr/bin/aarch64-poky-linux/../../lib/aarch64-poky-linux/gcc/../../../lib/aarch64-poky-linux/gcc/aarch64-poky-linux/9.3.0/../../../../../aarch64-poky-linux/include"]
  ignore line: [#include "..." search starts here:]
  ignore line: [#include <...> search starts here:]
  ignore line: [ /home/isidro/poky_sdk2/tmp/sysroots/x86_64/usr/bin/aarch64-poky-linux/../../lib/aarch64-poky-linux/gcc/aarch64-poky-linux/9.3.0/include]
  ignore line: [ /home/isidro/poky_sdk2/tmp/sysroots/x86_64/usr/bin/aarch64-poky-linux/../../lib/aarch64-poky-linux/gcc/aarch64-poky-linux/9.3.0/include-fixed]
  ignore line: [ /home/isidro/poky_sdk2/tmp/sysroots/raspberrypi3-64/usr/lib/aarch64-poky-linux/9.3.0/include]
  ignore line: [ /home/isidro/poky_sdk2/tmp/sysroots/raspberrypi3-64/usr/include]
  ignore line: [End of search list.]
  ignore line: [GNU C17 (GCC) version 9.3.0 (aarch64-poky-linux)]
  ignore line: [	compiled by GNU C version 9.3.0  GMP version 6.2.0  MPFR version 4.0.2  MPC version 1.1.0  isl version none]
  ignore line: [GGC heuristics: --param ggc-min-expand=100 --param ggc-min-heapsize=131072]
  ignore line: [Compiler executable checksum: 7fb333ec893249ad214ebdab23f4c34d]
  ignore line: [COMPILER_PATH=/home/isidro/poky_sdk2/tmp/sysroots/x86_64/usr/bin/aarch64-poky-linux/../../libexec/aarch64-poky-linux/gcc/aarch64-poky-linux/9.3.0/:/home/isidro/poky_sdk2/tmp/sysroots/x86_64/usr/bin/aarch64-poky-linux/../../libexec/aarch64-poky-linux/gcc/]
  ignore line: [LIBRARY_PATH=/home/isidro/poky_sdk2/tmp/sysroots/x86_64/usr/bin/aarch64-poky-linux/../../lib/aarch64-poky-linux/gcc/aarch64-poky-linux/9.3.0/:/home/isidro/poky_sdk2/tmp/sysroots/x86_64/usr/bin/aarch64-poky-linux/../../lib/aarch64-poky-linux/gcc/:/home/isidro/poky_sdk2/tmp/sysroots/raspberrypi3-64/lib/:/home/isidro/poky_sdk2/tmp/sysroots/raspberrypi3-64/usr/lib/aarch64-poky-linux/9.3.0/:/home/isidro/poky_sdk2/tmp/sysroots/raspberrypi3-64/usr/lib/]
  ignore line: [COLLECT_GCC_OPTIONS='--sysroot=/home/isidro/poky_sdk2/tmp/sysroots/raspberrypi3-64' '-mcpu=cortex-a53+crc' '-fstack-protector-strong' '-D' '_FORTIFY_SOURCE=2' '-Wformat=1' '-Wformat-security' '-Werror=format-security' '-O2' '-pipe' '-g' '-feliminate-unused-debug-types' '-v' '-o' 'CMakeFiles/cmTC_ca9b9.dir/CMakeCCompilerABI.c.o' '-c' '-mlittle-endian' '-mabi=lp64']
  ignore line: [Linking C executable cmTC_ca9b9]
  ignore line: [/home/isidro/poky_sdk2/tmp/sysroots/x86_64/usr/bin/cmake -E cmake_link_script CMakeFiles/cmTC_ca9b9.dir/link.txt --verbose=1]
  ignore line: [/home/isidro/poky_sdk2/tmp/sysroots/x86_64/usr/bin/aarch64-poky-linux/aarch64-poky-linux-gcc   -mcpu=cortex-a53+crc -fstack-protector-strong  -D_FORTIFY_SOURCE=2 -Wformat -Wformat-security -Werror=format-security --sysroot=/home/isidro/poky_sdk2/tmp/sysroots/raspberrypi3-64 --sysroot=/home/isidro/poky_sdk2/tmp/sysroots/raspberrypi3-64  -O2 -pipe -g -feliminate-unused-debug-types    -Wl -O1 -Wl --hash-style=gnu -Wl --as-needed -fstack-protector-strong -Wl -z relro -z now -v -rdynamic CMakeFiles/cmTC_ca9b9.dir/CMakeCCompilerABI.c.o  -o cmTC_ca9b9 ]
  ignore line: [Using built-in specs.]
  ignore line: [COLLECT_GCC=/home/isidro/poky_sdk2/tmp/sysroots/x86_64/usr/bin/aarch64-poky-linux/aarch64-poky-linux-gcc]
  ignore line: [COLLECT_LTO_WRAPPER=/home/isidro/poky_sdk2/tmp/sysroots/x86_64/usr/bin/aarch64-poky-linux/../../libexec/aarch64-poky-linux/gcc/aarch64-poky-linux/9.3.0/lto-wrapper]
  ignore line: [Target: aarch64-poky-linux]
  ignore line: [Configured with: ../../../../../../work-shared/gcc-9.3.0-r0/gcc-9.3.0/configure --build=x86_64-linux --host=x86_64-linux --target=aarch64-poky-linux --prefix=/host-native/usr --exec_prefix=/host-native/usr --bindir=/host-native/usr/bin/aarch64-poky-linux --sbindir=/host-native/usr/bin/aarch64-poky-linux --libexecdir=/host-native/usr/libexec/aarch64-poky-linux --datadir=/host-native/usr/share --sysconfdir=/host-native/etc --sharedstatedir=/host-native/com --localstatedir=/host-native/var --libdir=/host-native/usr/lib/aarch64-poky-linux --includedir=/host-native/usr/include --oldincludedir=/host-native/usr/include --infodir=/host-native/usr/share/info --mandir=/host-native/usr/share/man --disable-silent-rules --disable-dependency-tracking --with-libtool-sysroot=/host-native --enable-clocale=generic --with-gnu-ld --enable-shared --enable-languages=c,c++ --enable-threads=posix --disable-multilib --enable-default-pie --enable-c99 --enable-long-long --enable-symvers=gnu --enable-libstdcxx-pch --program-prefix=aarch64-poky-linux- --without-local-prefix --disable-install-libiberty --enable-lto --disable-libssp --enable-libitm --disable-bootstrap --disable-libmudflap --with-system-zlib --with-linker-hash-style=sysv --enable-linker-build-id --with-ppl=no --with-cloog=no --enable-checking=release --enable-cheaders=c_global --without-isl --with-gxx-include-dir=/not/exist/usr/include/c++/9.3.0 --with-sysroot=/not/exist --with-build-sysroot=/host --enable-poison-system-directories --with-system-zlib --disable-static --disable-nls --with-glibc-version=2.28 --enable-initfini-array --enable-__cxa_atexit]
  ignore line: [Thread model: posix]
  ignore line: [gcc version 9.3.0 (GCC) ]
  ignore line: [COMPILER_PATH=/home/isidro/poky_sdk2/tmp/sysroots/x86_64/usr/bin/aarch64-poky-linux/../../libexec/aarch64-poky-linux/gcc/aarch64-poky-linux/9.3.0/:/home/isidro/poky_sdk2/tmp/sysroots/x86_64/usr/bin/aarch64-poky-linux/../../libexec/aarch64-poky-linux/gcc/]
  ignore line: [LIBRARY_PATH=/home/isidro/poky_sdk2/tmp/sysroots/x86_64/usr/bin/aarch64-poky-linux/../../lib/aarch64-poky-linux/gcc/aarch64-poky-linux/9.3.0/:/home/isidro/poky_sdk2/tmp/sysroots/x86_64/usr/bin/aarch64-poky-linux/../../lib/aarch64-poky-linux/gcc/:/home/isidro/poky_sdk2/tmp/sysroots/raspberrypi3-64/lib/:/home/isidro/poky_sdk2/tmp/sysroots/raspberrypi3-64/usr/lib/aarch64-poky-linux/9.3.0/:/home/isidro/poky_sdk2/tmp/sysroots/raspberrypi3-64/usr/lib/]
  ignore line: [COLLECT_GCC_OPTIONS='--sysroot=/home/isidro/poky_sdk2/tmp/sysroots/raspberrypi3-64' '-mcpu=cortex-a53+crc' '-fstack-protector-strong' '-D' '_FORTIFY_SOURCE=2' '-Wformat=1' '-Wformat-security' '-Werror=format-security' '-O2' '-pipe' '-g' '-feliminate-unused-debug-types' '-fstack-protector-strong' '-v' '-rdynamic' '-o' 'cmTC_ca9b9' '-mlittle-endian' '-mabi=lp64']
  link line: [ /home/isidro/poky_sdk2/tmp/sysroots/x86_64/usr/bin/aarch64-poky-linux/../../libexec/aarch64-poky-linux/gcc/aarch64-poky-linux/9.3.0/collect2 -plugin /home/isidro/poky_sdk2/tmp/sysroots/x86_64/usr/bin/aarch64-poky-linux/../../libexec/aarch64-poky-linux/gcc/aarch64-poky-linux/9.3.0/liblto_plugin.so -plugin-opt=/home/isidro/poky_sdk2/tmp/sysroots/x86_64/usr/bin/aarch64-poky-linux/../../libexec/aarch64-poky-linux/gcc/aarch64-poky-linux/9.3.0/lto-wrapper -plugin-opt=-fresolution=/tmp/ccvYvJEW.res -plugin-opt=-pass-through=-lgcc -plugin-opt=-pass-through=-lgcc_s -plugin-opt=-pass-through=-lc -plugin-opt=-pass-through=-lgcc -plugin-opt=-pass-through=-lgcc_s --sysroot=/home/isidro/poky_sdk2/tmp/sysroots/raspberrypi3-64 --build-id --eh-frame-hdr --hash-style=sysv -export-dynamic -dynamic-linker /lib/ld-linux-aarch64.so.1 -X -EL -maarch64linux -pie -o cmTC_ca9b9 /home/isidro/poky_sdk2/tmp/sysroots/raspberrypi3-64/usr/lib/Scrt1.o /home/isidro/poky_sdk2/tmp/sysroots/raspberrypi3-64/usr/lib/crti.o /home/isidro/poky_sdk2/tmp/sysroots/raspberrypi3-64/usr/lib/aarch64-poky-linux/9.3.0/crtbeginS.o -L/home/isidro/poky_sdk2/tmp/sysroots/x86_64/usr/bin/aarch64-poky-linux/../../lib/aarch64-poky-linux/gcc/aarch64-poky-linux/9.3.0 -L/home/isidro/poky_sdk2/tmp/sysroots/x86_64/usr/bin/aarch64-poky-linux/../../lib/aarch64-poky-linux/gcc -L/home/isidro/poky_sdk2/tmp/sysroots/raspberrypi3-64/lib -L/home/isidro/poky_sdk2/tmp/sysroots/raspberrypi3-64/usr/lib/aarch64-poky-linux/9.3.0 -L/home/isidro/poky_sdk2/tmp/sysroots/raspberrypi3-64/usr/lib -O1 --hash-style=gnu --as-needed -z relro -z now CMakeFiles/cmTC_ca9b9.dir/CMakeCCompilerABI.c.o -lgcc --push-state --as-needed -lgcc_s --pop-state -lc -lgcc --push-state --as-needed -lgcc_s --pop-state /home/isidro/poky_sdk2/tmp/sysroots/raspberrypi3-64/usr/lib/aarch64-poky-linux/9.3.0/crtendS.o /home/isidro/poky_sdk2/tmp/sysroots/raspberrypi3-64/usr/lib/crtn.o]
    arg [/home/isidro/poky_sdk2/tmp/sysroots/x86_64/usr/bin/aarch64-poky-linux/../../libexec/aarch64-poky-linux/gcc/aarch64-poky-linux/9.3.0/collect2] ==> ignore
    arg [-plugin] ==> ignore
    arg [/home/isidro/poky_sdk2/tmp/sysroots/x86_64/usr/bin/aarch64-poky-linux/../../libexec/aarch64-poky-linux/gcc/aarch64-poky-linux/9.3.0/liblto_plugin.so] ==> ignore
    arg [-plugin-opt=/home/isidro/poky_sdk2/tmp/sysroots/x86_64/usr/bin/aarch64-poky-linux/../../libexec/aarch64-poky-linux/gcc/aarch64-poky-linux/9.3.0/lto-wrapper] ==> ignore
    arg [-plugin-opt=-fresolution=/tmp/ccvYvJEW.res] ==> ignore
    arg [-plugin-opt=-pass-through=-lgcc] ==> ignore
    arg [-plugin-opt=-pass-through=-lgcc_s] ==> ignore
    arg [-plugin-opt=-pass-through=-lc] ==> ignore
    arg [-plugin-opt=-pass-through=-lgcc] ==> ignore
    arg [-plugin-opt=-pass-through=-lgcc_s] ==> ignore
    arg [--sysroot=/home/isidro/poky_sdk2/tmp/sysroots/raspberrypi3-64] ==> ignore
    arg [--build-id] ==> ignore
    arg [--eh-frame-hdr] ==> ignore
    arg [--hash-style=sysv] ==> ignore
    arg [-export-dynamic] ==> ignore
    arg [-dynamic-linker] ==> ignore
    arg [/lib/ld-linux-aarch64.so.1] ==> ignore
    arg [-X] ==> ignore
    arg [-EL] ==> ignore
    arg [-maarch64linux] ==> ignore
    arg [-pie] ==> ignore
    arg [-o] ==> ignore
    arg [cmTC_ca9b9] ==> ignore
    arg [/home/isidro/poky_sdk2/tmp/sysroots/raspberrypi3-64/usr/lib/Scrt1.o] ==> ignore
    arg [/home/isidro/poky_sdk2/tmp/sysroots/raspberrypi3-64/usr/lib/crti.o] ==> ignore
    arg [/home/isidro/poky_sdk2/tmp/sysroots/raspberrypi3-64/usr/lib/aarch64-poky-linux/9.3.0/crtbeginS.o] ==> ignore
    arg [-L/home/isidro/poky_sdk2/tmp/sysroots/x86_64/usr/bin/aarch64-poky-linux/../../lib/aarch64-poky-linux/gcc/aarch64-poky-linux/9.3.0] ==> dir [/home/isidro/poky_sdk2/tmp/sysroots/x86_64/usr/bin/aarch64-poky-linux/../../lib/aarch64-poky-linux/gcc/aarch64-poky-linux/9.3.0]
    arg [-L/home/isidro/poky_sdk2/tmp/sysroots/x86_64/usr/bin/aarch64-poky-linux/../../lib/aarch64-poky-linux/gcc] ==> dir [/home/isidro/poky_sdk2/tmp/sysroots/x86_64/usr/bin/aarch64-poky-linux/../../lib/aarch64-poky-linux/gcc]
    arg [-L/home/isidro/poky_sdk2/tmp/sysroots/raspberrypi3-64/lib] ==> dir [/home/isidro/poky_sdk2/tmp/sysroots/raspberrypi3-64/lib]
    arg [-L/home/isidro/poky_sdk2/tmp/sysroots/raspberrypi3-64/usr/lib/aarch64-poky-linux/9.3.0] ==> dir [/home/isidro/poky_sdk2/tmp/sysroots/raspberrypi3-64/usr/lib/aarch64-poky-linux/9.3.0]
    arg [-L/home/isidro/poky_sdk2/tmp/sysroots/raspberrypi3-64/usr/lib] ==> dir [/home/isidro/poky_sdk2/tmp/sysroots/raspberrypi3-64/usr/lib]
    arg [-O1] ==> ignore
    arg [--hash-style=gnu] ==> ignore
    arg [--as-needed] ==> ignore
    arg [-zrelro] ==> ignore
    arg [-znow] ==> ignore
    arg [CMakeFiles/cmTC_ca9b9.dir/CMakeCCompilerABI.c.o] ==> ignore
    arg [-lgcc] ==> lib [gcc]
    arg [--push-state] ==> ignore
    arg [--as-needed] ==> ignore
    arg [-lgcc_s] ==> lib [gcc_s]
    arg [--pop-state] ==> ignore
    arg [-lc] ==> lib [c]
    arg [-lgcc] ==> lib [gcc]
    arg [--push-state] ==> ignore
    arg [--as-needed] ==> ignore
    arg [-lgcc_s] ==> lib [gcc_s]
    arg [--pop-state] ==> ignore
    arg [/home/isidro/poky_sdk2/tmp/sysroots/raspberrypi3-64/usr/lib/aarch64-poky-linux/9.3.0/crtendS.o] ==> ignore
    arg [/home/isidro/poky_sdk2/tmp/sysroots/raspberrypi3-64/usr/lib/crtn.o] ==> ignore
  collapse library dir [/home/isidro/poky_sdk2/tmp/sysroots/x86_64/usr/bin/aarch64-poky-linux/../../lib/aarch64-poky-linux/gcc/aarch64-poky-linux/9.3.0] ==> [/home/isidro/poky_sdk2/tmp/sysroots/x86_64/usr/lib/aarch64-poky-linux/gcc/aarch64-poky-linux/9.3.0]
  collapse library dir [/home/isidro/poky_sdk2/tmp/sysroots/x86_64/usr/bin/aarch64-poky-linux/../../lib/aarch64-poky-linux/gcc] ==> [/home/isidro/poky_sdk2/tmp/sysroots/x86_64/usr/lib/aarch64-poky-linux/gcc]
  collapse library dir [/home/isidro/poky_sdk2/tmp/sysroots/raspberrypi3-64/lib] ==> [/home/isidro/poky_sdk2/tmp/sysroots/raspberrypi3-64/lib]
  collapse library dir [/home/isidro/poky_sdk2/tmp/sysroots/raspberrypi3-64/usr/lib/aarch64-poky-linux/9.3.0] ==> [/home/isidro/poky_sdk2/tmp/sysroots/raspberrypi3-64/usr/lib/aarch64-poky-linux/9.3.0]
  collapse library dir [/home/isidro/poky_sdk2/tmp/sysroots/raspberrypi3-64/usr/lib] ==> [/home/isidro/poky_sdk2/tmp/sysroots/raspberrypi3-64/usr/lib]
  implicit libs: [gcc;gcc_s;c;gcc;gcc_s]
  implicit dirs: [/home/isidro/poky_sdk2/tmp/sysroots/x86_64/usr/lib/aarch64-poky-linux/gcc/aarch64-poky-linux/9.3.0;/home/isidro/poky_sdk2/tmp/sysroots/x86_64/usr/lib/aarch64-poky-linux/gcc;/home/isidro/poky_sdk2/tmp/sysroots/raspberrypi3-64/lib;/home/isidro/poky_sdk2/tmp/sysroots/raspberrypi3-64/usr/lib/aarch64-poky-linux/9.3.0;/home/isidro/poky_sdk2/tmp/sysroots/raspberrypi3-64/usr/lib]
  implicit fwks: []


Determining if the CXX compiler works passed with the following output:
Change Dir: /home/isidro/embedded-linux/rpi-ws2812-server/build/CMakeFiles/CMakeTmp

Run Build Command(s):/home/isidro/poky_sdk2/buildtools/sysroots/x86_64-pokysdk-linux/usr/bin/make cmTC_47e34/fast && /home/isidro/poky_sdk2/buildtools/sysroots/x86_64-pokysdk-linux/usr/bin/make -f CMakeFiles/cmTC_47e34.dir/build.make CMakeFiles/cmTC_47e34.dir/build
make[1]: Entering directory '/home/isidro/embedded-linux/rpi-ws2812-server/build/CMakeFiles/CMakeTmp'
Building CXX object CMakeFiles/cmTC_47e34.dir/testCXXCompiler.cxx.o
/home/isidro/poky_sdk2/tmp/sysroots/x86_64/usr/bin/aarch64-poky-linux/aarch64-poky-linux-g++   -mcpu=cortex-a53+crc -fstack-protector-strong  -D_FORTIFY_SOURCE=2 -Wformat -Wformat-security -Werror=format-security --sysroot=/home/isidro/poky_sdk2/tmp/sysroots/raspberrypi3-64 --sysroot=/home/isidro/poky_sdk2/tmp/sysroots/raspberrypi3-64    -O2 -pipe -g -feliminate-unused-debug-types     -o CMakeFiles/cmTC_47e34.dir/testCXXCompiler.cxx.o -c /home/isidro/embedded-linux/rpi-ws2812-server/build/CMakeFiles/CMakeTmp/testCXXCompiler.cxx
Linking CXX executable cmTC_47e34
/home/isidro/poky_sdk2/tmp/sysroots/x86_64/usr/bin/cmake -E cmake_link_script CMakeFiles/cmTC_47e34.dir/link.txt --verbose=1
/home/isidro/poky_sdk2/tmp/sysroots/x86_64/usr/bin/aarch64-poky-linux/aarch64-poky-linux-g++   -mcpu=cortex-a53+crc -fstack-protector-strong  -D_FORTIFY_SOURCE=2 -Wformat -Wformat-security -Werror=format-security --sysroot=/home/isidro/poky_sdk2/tmp/sysroots/raspberrypi3-64 --sysroot=/home/isidro/poky_sdk2/tmp/sysroots/raspberrypi3-64   -O2 -pipe -g -feliminate-unused-debug-types    -Wl,-O1 -Wl,--hash-style=gnu -Wl,--as-needed -fstack-protector-strong -Wl,-z,relro,-z,now  -rdynamic CMakeFiles/cmTC_47e34.dir/testCXXCompiler.cxx.o  -o cmTC_47e34 
make[1]: Leaving directory '/home/isidro/embedded-linux/rpi-ws2812-server/build/CMakeFiles/CMakeTmp'



Detecting CXX compiler ABI info compiled with the following output:
Change Dir: /home/isidro/embedded-linux/rpi-ws2812-server/build/CMakeFiles/CMakeTmp

Run Build Command(s):/home/isidro/poky_sdk2/buildtools/sysroots/x86_64-pokysdk-linux/usr/bin/make cmTC_ff13f/fast && /home/isidro/poky_sdk2/buildtools/sysroots/x86_64-pokysdk-linux/usr/bin/make -f CMakeFiles/cmTC_ff13f.dir/build.make CMakeFiles/cmTC_ff13f.dir/build
make[1]: Entering directory '/home/isidro/embedded-linux/rpi-ws2812-server/build/CMakeFiles/CMakeTmp'
Building CXX object CMakeFiles/cmTC_ff13f.dir/CMakeCXXCompilerABI.cpp.o
/home/isidro/poky_sdk2/tmp/sysroots/x86_64/usr/bin/aarch64-poky-linux/aarch64-poky-linux-g++   -mcpu=cortex-a53+crc -fstack-protector-strong  -D_FORTIFY_SOURCE=2 -Wformat -Wformat-security -Werror=format-security --sysroot=/home/isidro/poky_sdk2/tmp/sysroots/raspberrypi3-64 --sysroot=/home/isidro/poky_sdk2/tmp/sysroots/raspberrypi3-64    -O2 -pipe -g -feliminate-unused-debug-types     -v -o CMakeFiles/cmTC_ff13f.dir/CMakeCXXCompilerABI.cpp.o -c /home/isidro/poky_sdk2/tmp/sysroots/x86_64/usr/share/cmake-3.16/Modules/CMakeCXXCompilerABI.cpp
Using built-in specs.
COLLECT_GCC=/home/isidro/poky_sdk2/tmp/sysroots/x86_64/usr/bin/aarch64-poky-linux/aarch64-poky-linux-g++
Target: aarch64-poky-linux
Configured with: ../../../../../../work-shared/gcc-9.3.0-r0/gcc-9.3.0/configure --build=x86_64-linux --host=x86_64-linux --target=aarch64-poky-linux --prefix=/host-native/usr --exec_prefix=/host-native/usr --bindir=/host-native/usr/bin/aarch64-poky-linux --sbindir=/host-native/usr/bin/aarch64-poky-linux --libexecdir=/host-native/usr/libexec/aarch64-poky-linux --datadir=/host-native/usr/share --sysconfdir=/host-native/etc --sharedstatedir=/host-native/com --localstatedir=/host-native/var --libdir=/host-native/usr/lib/aarch64-poky-linux --includedir=/host-native/usr/include --oldincludedir=/host-native/usr/include --infodir=/host-native/usr/share/info --mandir=/host-native/usr/share/man --disable-silent-rules --disable-dependency-tracking --with-libtool-sysroot=/host-native --enable-clocale=generic --with-gnu-ld --enable-shared --enable-languages=c,c++ --enable-threads=posix --disable-multilib --enable-default-pie --enable-c99 --enable-long-long --enable-symvers=gnu --enable-libstdcxx-pch --program-prefix=aarch64-poky-linux- --without-local-prefix --disable-install-libiberty --enable-lto --disable-libssp --enable-libitm --disable-bootstrap --disable-libmudflap --with-system-zlib --with-linker-hash-style=sysv --enable-linker-build-id --with-ppl=no --with-cloog=no --enable-checking=release --enable-cheaders=c_global --without-isl --with-gxx-include-dir=/not/exist/usr/include/c++/9.3.0 --with-sysroot=/not/exist --with-build-sysroot=/host --enable-poison-system-directories --with-system-zlib --disable-static --disable-nls --with-glibc-version=2.28 --enable-initfini-array --enable-__cxa_atexit
Thread model: posix
gcc version 9.3.0 (GCC) 
COLLECT_GCC_OPTIONS='--sysroot=/home/isidro/poky_sdk2/tmp/sysroots/raspberrypi3-64' '-mcpu=cortex-a53+crc' '-fstack-protector-strong' '-D' '_FORTIFY_SOURCE=2' '-Wformat=1' '-Wformat-security' '-Werror=format-security' '-O2' '-pipe' '-g' '-feliminate-unused-debug-types' '-v' '-o' 'CMakeFiles/cmTC_ff13f.dir/CMakeCXXCompilerABI.cpp.o' '-c' '-shared-libgcc' '-mlittle-endian' '-mabi=lp64'
 /home/isidro/poky_sdk2/tmp/sysroots/x86_64/usr/bin/aarch64-poky-linux/../../libexec/aarch64-poky-linux/gcc/aarch64-poky-linux/9.3.0/cc1plus -quiet -v -iprefix /home/isidro/poky_sdk2/tmp/sysroots/x86_64/usr/bin/aarch64-poky-linux/../../lib/aarch64-poky-linux/gcc/aarch64-poky-linux/9.3.0/ -isysroot /home/isidro/poky_sdk2/tmp/sysroots/raspberrypi3-64 -D_GNU_SOURCE -D _FORTIFY_SOURCE=2 /home/isidro/poky_sdk2/tmp/sysroots/x86_64/usr/share/cmake-3.16/Modules/CMakeCXXCompilerABI.cpp -quiet -dumpbase CMakeCXXCompilerABI.cpp -mcpu=cortex-a53+crc -mlittle-endian -mabi=lp64 -auxbase-strip CMakeFiles/cmTC_ff13f.dir/CMakeCXXCompilerABI.cpp.o -g -O2 -Wformat=1 -Wformat-security -Werror=format-security -version -fstack-protector-strong -feliminate-unused-debug-types -o - |
 /home/isidro/poky_sdk2/tmp/sysroots/x86_64/usr/bin/aarch64-poky-linux/../../libexec/aarch64-poky-linux/gcc/aarch64-poky-linux/9.3.0/as -v -EL -march=armv8-a+crc -mabi=lp64 -o CMakeFiles/cmTC_ff13f.dir/CMakeCXXCompilerABI.cpp.o
GNU assembler version 2.34.0 (aarch64-poky-linux) using BFD version (GNU Binutils) 2.34.0.20200220
GNU C++14 (GCC) version 9.3.0 (aarch64-poky-linux)
	compiled by GNU C version 9.3.0, GMP version 6.2.0, MPFR version 4.0.2, MPC version 1.1.0, isl version none
GGC heuristics: --param ggc-min-expand=100 --param ggc-min-heapsize=131072
ignoring nonexistent directory "/home/isidro/poky_sdk2/tmp/sysroots/x86_64/usr/bin/aarch64-poky-linux/../../lib/aarch64-poky-linux/gcc/aarch64-poky-linux/9.3.0/../../../../../aarch64-poky-linux/include"
ignoring duplicate directory "/home/isidro/poky_sdk2/tmp/sysroots/x86_64/usr/bin/aarch64-poky-linux/../../lib/aarch64-poky-linux/gcc/../../../lib/aarch64-poky-linux/gcc/aarch64-poky-linux/9.3.0/include"
ignoring nonexistent directory "/home/isidro/poky_sdk2/tmp/sysroots/raspberrypi3-64/usr/local/include"
ignoring duplicate directory "/home/isidro/poky_sdk2/tmp/sysroots/x86_64/usr/bin/aarch64-poky-linux/../../lib/aarch64-poky-linux/gcc/../../../lib/aarch64-poky-linux/gcc/aarch64-poky-linux/9.3.0/include-fixed"
ignoring nonexistent directory "/home/isidro/poky_sdk2/tmp/sysroots/x86_64/usr/bin/aarch64-poky-linux/../../lib/aarch64-poky-linux/gcc/../../../lib/aarch64-poky-linux/gcc/aarch64-poky-linux/9.3.0/../../../../../aarch64-poky-linux/include"
#include "..." search starts here:
#include <...> search starts here:
 /home/isidro/poky_sdk2/tmp/sysroots/x86_64/usr/bin/aarch64-poky-linux/../../lib/aarch64-poky-linux/gcc/aarch64-poky-linux/9.3.0/include
 /home/isidro/poky_sdk2/tmp/sysroots/x86_64/usr/bin/aarch64-poky-linux/../../lib/aarch64-poky-linux/gcc/aarch64-poky-linux/9.3.0/include-fixed
 /home/isidro/poky_sdk2/tmp/sysroots/raspberrypi3-64/usr/include/c++/9.3.0
 /home/isidro/poky_sdk2/tmp/sysroots/raspberrypi3-64/usr/include/c++/9.3.0/aarch64-poky-linux
 /home/isidro/poky_sdk2/tmp/sysroots/raspberrypi3-64/usr/include/c++/9.3.0/backward
 /home/isidro/poky_sdk2/tmp/sysroots/raspberrypi3-64/usr/lib/aarch64-poky-linux/9.3.0/include
 /home/isidro/poky_sdk2/tmp/sysroots/raspberrypi3-64/usr/include
End of search list.
GNU C++14 (GCC) version 9.3.0 (aarch64-poky-linux)
	compiled by GNU C version 9.3.0, GMP version 6.2.0, MPFR version 4.0.2, MPC version 1.1.0, isl version none
GGC heuristics: --param ggc-min-expand=100 --param ggc-min-heapsize=131072
Compiler executable checksum: 7a957f42a0f9430f3fb04ebd3988d4b3
COMPILER_PATH=/home/isidro/poky_sdk2/tmp/sysroots/x86_64/usr/bin/aarch64-poky-linux/../../libexec/aarch64-poky-linux/gcc/aarch64-poky-linux/9.3.0/:/home/isidro/poky_sdk2/tmp/sysroots/x86_64/usr/bin/aarch64-poky-linux/../../libexec/aarch64-poky-linux/gcc/
LIBRARY_PATH=/home/isidro/poky_sdk2/tmp/sysroots/x86_64/usr/bin/aarch64-poky-linux/../../lib/aarch64-poky-linux/gcc/aarch64-poky-linux/9.3.0/:/home/isidro/poky_sdk2/tmp/sysroots/x86_64/usr/bin/aarch64-poky-linux/../../lib/aarch64-poky-linux/gcc/:/home/isidro/poky_sdk2/tmp/sysroots/raspberrypi3-64/lib/:/home/isidro/poky_sdk2/tmp/sysroots/raspberrypi3-64/usr/lib/aarch64-poky-linux/9.3.0/:/home/isidro/poky_sdk2/tmp/sysroots/raspberrypi3-64/usr/lib/
COLLECT_GCC_OPTIONS='--sysroot=/home/isidro/poky_sdk2/tmp/sysroots/raspberrypi3-64' '-mcpu=cortex-a53+crc' '-fstack-protector-strong' '-D' '_FORTIFY_SOURCE=2' '-Wformat=1' '-Wformat-security' '-Werror=format-security' '-O2' '-pipe' '-g' '-feliminate-unused-debug-types' '-v' '-o' 'CMakeFiles/cmTC_ff13f.dir/CMakeCXXCompilerABI.cpp.o' '-c' '-shared-libgcc' '-mlittle-endian' '-mabi=lp64'
Linking CXX executable cmTC_ff13f
/home/isidro/poky_sdk2/tmp/sysroots/x86_64/usr/bin/cmake -E cmake_link_script CMakeFiles/cmTC_ff13f.dir/link.txt --verbose=1
/home/isidro/poky_sdk2/tmp/sysroots/x86_64/usr/bin/aarch64-poky-linux/aarch64-poky-linux-g++   -mcpu=cortex-a53+crc -fstack-protector-strong  -D_FORTIFY_SOURCE=2 -Wformat -Wformat-security -Werror=format-security --sysroot=/home/isidro/poky_sdk2/tmp/sysroots/raspberrypi3-64 --sysroot=/home/isidro/poky_sdk2/tmp/sysroots/raspberrypi3-64   -O2 -pipe -g -feliminate-unused-debug-types    -Wl,-O1 -Wl,--hash-style=gnu -Wl,--as-needed -fstack-protector-strong -Wl,-z,relro,-z,now -v -rdynamic CMakeFiles/cmTC_ff13f.dir/CMakeCXXCompilerABI.cpp.o  -o cmTC_ff13f 
Using built-in specs.
COLLECT_GCC=/home/isidro/poky_sdk2/tmp/sysroots/x86_64/usr/bin/aarch64-poky-linux/aarch64-poky-linux-g++
COLLECT_LTO_WRAPPER=/home/isidro/poky_sdk2/tmp/sysroots/x86_64/usr/bin/aarch64-poky-linux/../../libexec/aarch64-poky-linux/gcc/aarch64-poky-linux/9.3.0/lto-wrapper
Target: aarch64-poky-linux
Configured with: ../../../../../../work-shared/gcc-9.3.0-r0/gcc-9.3.0/configure --build=x86_64-linux --host=x86_64-linux --target=aarch64-poky-linux --prefix=/host-native/usr --exec_prefix=/host-native/usr --bindir=/host-native/usr/bin/aarch64-poky-linux --sbindir=/host-native/usr/bin/aarch64-poky-linux --libexecdir=/host-native/usr/libexec/aarch64-poky-linux --datadir=/host-native/usr/share --sysconfdir=/host-native/etc --sharedstatedir=/host-native/com --localstatedir=/host-native/var --libdir=/host-native/usr/lib/aarch64-poky-linux --includedir=/host-native/usr/include --oldincludedir=/host-native/usr/include --infodir=/host-native/usr/share/info --mandir=/host-native/usr/share/man --disable-silent-rules --disable-dependency-tracking --with-libtool-sysroot=/host-native --enable-clocale=generic --with-gnu-ld --enable-shared --enable-languages=c,c++ --enable-threads=posix --disable-multilib --enable-default-pie --enable-c99 --enable-long-long --enable-symvers=gnu --enable-libstdcxx-pch --program-prefix=aarch64-poky-linux- --without-local-prefix --disable-install-libiberty --enable-lto --disable-libssp --enable-libitm --disable-bootstrap --disable-libmudflap --with-system-zlib --with-linker-hash-style=sysv --enable-linker-build-id --with-ppl=no --with-cloog=no --enable-checking=release --enable-cheaders=c_global --without-isl --with-gxx-include-dir=/not/exist/usr/include/c++/9.3.0 --with-sysroot=/not/exist --with-build-sysroot=/host --enable-poison-system-directories --with-system-zlib --disable-static --disable-nls --with-glibc-version=2.28 --enable-initfini-array --enable-__cxa_atexit
Thread model: posix
gcc version 9.3.0 (GCC) 
COMPILER_PATH=/home/isidro/poky_sdk2/tmp/sysroots/x86_64/usr/bin/aarch64-poky-linux/../../libexec/aarch64-poky-linux/gcc/aarch64-poky-linux/9.3.0/:/home/isidro/poky_sdk2/tmp/sysroots/x86_64/usr/bin/aarch64-poky-linux/../../libexec/aarch64-poky-linux/gcc/
LIBRARY_PATH=/home/isidro/poky_sdk2/tmp/sysroots/x86_64/usr/bin/aarch64-poky-linux/../../lib/aarch64-poky-linux/gcc/aarch64-poky-linux/9.3.0/:/home/isidro/poky_sdk2/tmp/sysroots/x86_64/usr/bin/aarch64-poky-linux/../../lib/aarch64-poky-linux/gcc/:/home/isidro/poky_sdk2/tmp/sysroots/raspberrypi3-64/lib/:/home/isidro/poky_sdk2/tmp/sysroots/raspberrypi3-64/usr/lib/aarch64-poky-linux/9.3.0/:/home/isidro/poky_sdk2/tmp/sysroots/raspberrypi3-64/usr/lib/
COLLECT_GCC_OPTIONS='--sysroot=/home/isidro/poky_sdk2/tmp/sysroots/raspberrypi3-64' '-mcpu=cortex-a53+crc' '-fstack-protector-strong' '-D' '_FORTIFY_SOURCE=2' '-Wformat=1' '-Wformat-security' '-Werror=format-security' '-O2' '-pipe' '-g' '-feliminate-unused-debug-types' '-fstack-protector-strong' '-v' '-rdynamic' '-o' 'cmTC_ff13f' '-shared-libgcc' '-mlittle-endian' '-mabi=lp64'
 /home/isidro/poky_sdk2/tmp/sysroots/x86_64/usr/bin/aarch64-poky-linux/../../libexec/aarch64-poky-linux/gcc/aarch64-poky-linux/9.3.0/collect2 -plugin /home/isidro/poky_sdk2/tmp/sysroots/x86_64/usr/bin/aarch64-poky-linux/../../libexec/aarch64-poky-linux/gcc/aarch64-poky-linux/9.3.0/liblto_plugin.so -plugin-opt=/home/isidro/poky_sdk2/tmp/sysroots/x86_64/usr/bin/aarch64-poky-linux/../../libexec/aarch64-poky-linux/gcc/aarch64-poky-linux/9.3.0/lto-wrapper -plugin-opt=-fresolution=/tmp/ccuDazaw.res -plugin-opt=-pass-through=-lgcc_s -plugin-opt=-pass-through=-lgcc -plugin-opt=-pass-through=-lc -plugin-opt=-pass-through=-lgcc_s -plugin-opt=-pass-through=-lgcc --sysroot=/home/isidro/poky_sdk2/tmp/sysroots/raspberrypi3-64 --build-id --eh-frame-hdr --hash-style=sysv -export-dynamic -dynamic-linker /lib/ld-linux-aarch64.so.1 -X -EL -maarch64linux -pie -o cmTC_ff13f /home/isidro/poky_sdk2/tmp/sysroots/raspberrypi3-64/usr/lib/Scrt1.o /home/isidro/poky_sdk2/tmp/sysroots/raspberrypi3-64/usr/lib/crti.o /home/isidro/poky_sdk2/tmp/sysroots/raspberrypi3-64/usr/lib/aarch64-poky-linux/9.3.0/crtbeginS.o -L/home/isidro/poky_sdk2/tmp/sysroots/x86_64/usr/bin/aarch64-poky-linux/../../lib/aarch64-poky-linux/gcc/aarch64-poky-linux/9.3.0 -L/home/isidro/poky_sdk2/tmp/sysroots/x86_64/usr/bin/aarch64-poky-linux/../../lib/aarch64-poky-linux/gcc -L/home/isidro/poky_sdk2/tmp/sysroots/raspberrypi3-64/lib -L/home/isidro/poky_sdk2/tmp/sysroots/raspberrypi3-64/usr/lib/aarch64-poky-linux/9.3.0 -L/home/isidro/poky_sdk2/tmp/sysroots/raspberrypi3-64/usr/lib -O1 --hash-style=gnu --as-needed -z relro -z now CMakeFiles/cmTC_ff13f.dir/CMakeCXXCompilerABI.cpp.o -lstdc++ -lm -lgcc_s -lgcc -lc -lgcc_s -lgcc /home/isidro/poky_sdk2/tmp/sysroots/raspberrypi3-64/usr/lib/aarch64-poky-linux/9.3.0/crtendS.o /home/isidro/poky_sdk2/tmp/sysroots/raspberrypi3-64/usr/lib/crtn.o
COLLECT_GCC_OPTIONS='--sysroot=/home/isidro/poky_sdk2/tmp/sysroots/raspberrypi3-64' '-mcpu=cortex-a53+crc' '-fstack-protector-strong' '-D' '_FORTIFY_SOURCE=2' '-Wformat=1' '-Wformat-security' '-Werror=format-security' '-O2' '-pipe' '-g' '-feliminate-unused-debug-types' '-fstack-protector-strong' '-v' '-rdynamic' '-o' 'cmTC_ff13f' '-shared-libgcc' '-mlittle-endian' '-mabi=lp64'
make[1]: Leaving directory '/home/isidro/embedded-linux/rpi-ws2812-server/build/CMakeFiles/CMakeTmp'



Parsed CXX implicit include dir info from above output: rv=done
  found start of include info
  found start of implicit include info
    add: [/home/isidro/poky_sdk2/tmp/sysroots/x86_64/usr/bin/aarch64-poky-linux/../../lib/aarch64-poky-linux/gcc/aarch64-poky-linux/9.3.0/include]
    add: [/home/isidro/poky_sdk2/tmp/sysroots/x86_64/usr/bin/aarch64-poky-linux/../../lib/aarch64-poky-linux/gcc/aarch64-poky-linux/9.3.0/include-fixed]
    add: [/home/isidro/poky_sdk2/tmp/sysroots/raspberrypi3-64/usr/include/c++/9.3.0]
    add: [/home/isidro/poky_sdk2/tmp/sysroots/raspberrypi3-64/usr/include/c++/9.3.0/aarch64-poky-linux]
    add: [/home/isidro/poky_sdk2/tmp/sysroots/raspberrypi3-64/usr/include/c++/9.3.0/backward]
    add: [/home/isidro/poky_sdk2/tmp/sysroots/raspberrypi3-64/usr/lib/aarch64-poky-linux/9.3.0/include]
    add: [/home/isidro/poky_sdk2/tmp/sysroots/raspberrypi3-64/usr/include]
  end of search list found
  collapse include dir [/home/isidro/poky_sdk2/tmp/sysroots/x86_64/usr/bin/aarch64-poky-linux/../../lib/aarch64-poky-linux/gcc/aarch64-poky-linux/9.3.0/include] ==> [/home/isidro/poky_sdk2/tmp/sysroots/x86_64/usr/lib/aarch64-poky-linux/gcc/aarch64-poky-linux/9.3.0/include]
  collapse include dir [/home/isidro/poky_sdk2/tmp/sysroots/x86_64/usr/bin/aarch64-poky-linux/../../lib/aarch64-poky-linux/gcc/aarch64-poky-linux/9.3.0/include-fixed] ==> [/home/isidro/poky_sdk2/tmp/sysroots/x86_64/usr/lib/aarch64-poky-linux/gcc/aarch64-poky-linux/9.3.0/include-fixed]
  collapse include dir [/home/isidro/poky_sdk2/tmp/sysroots/raspberrypi3-64/usr/include/c++/9.3.0] ==> [/home/isidro/poky_sdk2/tmp/sysroots/raspberrypi3-64/usr/include/c++/9.3.0]
  collapse include dir [/home/isidro/poky_sdk2/tmp/sysroots/raspberrypi3-64/usr/include/c++/9.3.0/aarch64-poky-linux] ==> [/home/isidro/poky_sdk2/tmp/sysroots/raspberrypi3-64/usr/include/c++/9.3.0/aarch64-poky-linux]
  collapse include dir [/home/isidro/poky_sdk2/tmp/sysroots/raspberrypi3-64/usr/include/c++/9.3.0/backward] ==> [/home/isidro/poky_sdk2/tmp/sysroots/raspberrypi3-64/usr/include/c++/9.3.0/backward]
  collapse include dir [/home/isidro/poky_sdk2/tmp/sysroots/raspberrypi3-64/usr/lib/aarch64-poky-linux/9.3.0/include] ==> [/home/isidro/poky_sdk2/tmp/sysroots/raspberrypi3-64/usr/lib/aarch64-poky-linux/9.3.0/include]
  collapse include dir [/home/isidro/poky_sdk2/tmp/sysroots/raspberrypi3-64/usr/include] ==> [/home/isidro/poky_sdk2/tmp/sysroots/raspberrypi3-64/usr/include]
  implicit include dirs: [/home/isidro/poky_sdk2/tmp/sysroots/x86_64/usr/lib/aarch64-poky-linux/gcc/aarch64-poky-linux/9.3.0/include;/home/isidro/poky_sdk2/tmp/sysroots/x86_64/usr/lib/aarch64-poky-linux/gcc/aarch64-poky-linux/9.3.0/include-fixed;/home/isidro/poky_sdk2/tmp/sysroots/raspberrypi3-64/usr/include/c++/9.3.0;/home/isidro/poky_sdk2/tmp/sysroots/raspberrypi3-64/usr/include/c++/9.3.0/aarch64-poky-linux;/home/isidro/poky_sdk2/tmp/sysroots/raspberrypi3-64/usr/include/c++/9.3.0/backward;/home/isidro/poky_sdk2/tmp/sysroots/raspberrypi3-64/usr/lib/aarch64-poky-linux/9.3.0/include;/home/isidro/poky_sdk2/tmp/sysroots/raspberrypi3-64/usr/include]


Parsed CXX implicit link information from above output:
  link line regex: [^( *|.*[/\])(aarch64-poky-linux-ld|CMAKE_LINK_STARTFILE-NOTFOUND|([^/\]+-)?ld|collect2)[^/\]*( |$)]
  ignore line: [Change Dir: /home/isidro/embedded-linux/rpi-ws2812-server/build/CMakeFiles/CMakeTmp]
  ignore line: []
  ignore line: [Run Build Command(s):/home/isidro/poky_sdk2/buildtools/sysroots/x86_64-pokysdk-linux/usr/bin/make cmTC_ff13f/fast && /home/isidro/poky_sdk2/buildtools/sysroots/x86_64-pokysdk-linux/usr/bin/make -f CMakeFiles/cmTC_ff13f.dir/build.make CMakeFiles/cmTC_ff13f.dir/build]
  ignore line: [make[1]: Entering directory '/home/isidro/embedded-linux/rpi-ws2812-server/build/CMakeFiles/CMakeTmp']
  ignore line: [Building CXX object CMakeFiles/cmTC_ff13f.dir/CMakeCXXCompilerABI.cpp.o]
  ignore line: [/home/isidro/poky_sdk2/tmp/sysroots/x86_64/usr/bin/aarch64-poky-linux/aarch64-poky-linux-g++   -mcpu=cortex-a53+crc -fstack-protector-strong  -D_FORTIFY_SOURCE=2 -Wformat -Wformat-security -Werror=format-security --sysroot=/home/isidro/poky_sdk2/tmp/sysroots/raspberrypi3-64 --sysroot=/home/isidro/poky_sdk2/tmp/sysroots/raspberrypi3-64    -O2 -pipe -g -feliminate-unused-debug-types     -v -o CMakeFiles/cmTC_ff13f.dir/CMakeCXXCompilerABI.cpp.o -c /home/isidro/poky_sdk2/tmp/sysroots/x86_64/usr/share/cmake-3.16/Modules/CMakeCXXCompilerABI.cpp]
  ignore line: [Using built-in specs.]
  ignore line: [COLLECT_GCC=/home/isidro/poky_sdk2/tmp/sysroots/x86_64/usr/bin/aarch64-poky-linux/aarch64-poky-linux-g++]
  ignore line: [Target: aarch64-poky-linux]
  ignore line: [Configured with: ../../../../../../work-shared/gcc-9.3.0-r0/gcc-9.3.0/configure --build=x86_64-linux --host=x86_64-linux --target=aarch64-poky-linux --prefix=/host-native/usr --exec_prefix=/host-native/usr --bindir=/host-native/usr/bin/aarch64-poky-linux --sbindir=/host-native/usr/bin/aarch64-poky-linux --libexecdir=/host-native/usr/libexec/aarch64-poky-linux --datadir=/host-native/usr/share --sysconfdir=/host-native/etc --sharedstatedir=/host-native/com --localstatedir=/host-native/var --libdir=/host-native/usr/lib/aarch64-poky-linux --includedir=/host-native/usr/include --oldincludedir=/host-native/usr/include --infodir=/host-native/usr/share/info --mandir=/host-native/usr/share/man --disable-silent-rules --disable-dependency-tracking --with-libtool-sysroot=/host-native --enable-clocale=generic --with-gnu-ld --enable-shared --enable-languages=c,c++ --enable-threads=posix --disable-multilib --enable-default-pie --enable-c99 --enable-long-long --enable-symvers=gnu --enable-libstdcxx-pch --program-prefix=aarch64-poky-linux- --without-local-prefix --disable-install-libiberty --enable-lto --disable-libssp --enable-libitm --disable-bootstrap --disable-libmudflap --with-system-zlib --with-linker-hash-style=sysv --enable-linker-build-id --with-ppl=no --with-cloog=no --enable-checking=release --enable-cheaders=c_global --without-isl --with-gxx-include-dir=/not/exist/usr/include/c++/9.3.0 --with-sysroot=/not/exist --with-build-sysroot=/host --enable-poison-system-directories --with-system-zlib --disable-static --disable-nls --with-glibc-version=2.28 --enable-initfini-array --enable-__cxa_atexit]
  ignore line: [Thread model: posix]
  ignore line: [gcc version 9.3.0 (GCC) ]
  ignore line: [COLLECT_GCC_OPTIONS='--sysroot=/home/isidro/poky_sdk2/tmp/sysroots/raspberrypi3-64' '-mcpu=cortex-a53+crc' '-fstack-protector-strong' '-D' '_FORTIFY_SOURCE=2' '-Wformat=1' '-Wformat-security' '-Werror=format-security' '-O2' '-pipe' '-g' '-feliminate-unused-debug-types' '-v' '-o' 'CMakeFiles/cmTC_ff13f.dir/CMakeCXXCompilerABI.cpp.o' '-c' '-shared-libgcc' '-mlittle-endian' '-mabi=lp64']
  ignore line: [ /home/isidro/poky_sdk2/tmp/sysroots/x86_64/usr/bin/aarch64-poky-linux/../../libexec/aarch64-poky-linux/gcc/aarch64-poky-linux/9.3.0/cc1plus -quiet -v -iprefix /home/isidro/poky_sdk2/tmp/sysroots/x86_64/usr/bin/aarch64-poky-linux/../../lib/aarch64-poky-linux/gcc/aarch64-poky-linux/9.3.0/ -isysroot /home/isidro/poky_sdk2/tmp/sysroots/raspberrypi3-64 -D_GNU_SOURCE -D _FORTIFY_SOURCE=2 /home/isidro/poky_sdk2/tmp/sysroots/x86_64/usr/share/cmake-3.16/Modules/CMakeCXXCompilerABI.cpp -quiet -dumpbase CMakeCXXCompilerABI.cpp -mcpu=cortex-a53+crc -mlittle-endian -mabi=lp64 -auxbase-strip CMakeFiles/cmTC_ff13f.dir/CMakeCXXCompilerABI.cpp.o -g -O2 -Wformat=1 -Wformat-security -Werror=format-security -version -fstack-protector-strong -feliminate-unused-debug-types -o - |]
  ignore line: [ /home/isidro/poky_sdk2/tmp/sysroots/x86_64/usr/bin/aarch64-poky-linux/../../libexec/aarch64-poky-linux/gcc/aarch64-poky-linux/9.3.0/as -v -EL -march=armv8-a+crc -mabi=lp64 -o CMakeFiles/cmTC_ff13f.dir/CMakeCXXCompilerABI.cpp.o]
  ignore line: [GNU assembler version 2.34.0 (aarch64-poky-linux) using BFD version (GNU Binutils) 2.34.0.20200220]
  ignore line: [GNU C++14 (GCC) version 9.3.0 (aarch64-poky-linux)]
  ignore line: [	compiled by GNU C version 9.3.0  GMP version 6.2.0  MPFR version 4.0.2  MPC version 1.1.0  isl version none]
  ignore line: [GGC heuristics: --param ggc-min-expand=100 --param ggc-min-heapsize=131072]
  ignore line: [ignoring nonexistent directory "/home/isidro/poky_sdk2/tmp/sysroots/x86_64/usr/bin/aarch64-poky-linux/../../lib/aarch64-poky-linux/gcc/aarch64-poky-linux/9.3.0/../../../../../aarch64-poky-linux/include"]
  ignore line: [ignoring duplicate directory "/home/isidro/poky_sdk2/tmp/sysroots/x86_64/usr/bin/aarch64-poky-linux/../../lib/aarch64-poky-linux/gcc/../../../lib/aarch64-poky-linux/gcc/aarch64-poky-linux/9.3.0/include"]
  ignore line: [ignoring nonexistent directory "/home/isidro/poky_sdk2/tmp/sysroots/raspberrypi3-64/usr/local/include"]
  ignore line: [ignoring duplicate directory "/home/isidro/poky_sdk2/tmp/sysroots/x86_64/usr/bin/aarch64-poky-linux/../../lib/aarch64-poky-linux/gcc/../../../lib/aarch64-poky-linux/gcc/aarch64-poky-linux/9.3.0/include-fixed"]
  ignore line: [ignoring nonexistent directory "/home/isidro/poky_sdk2/tmp/sysroots/x86_64/usr/bin/aarch64-poky-linux/../../lib/aarch64-poky-linux/gcc/../../../lib/aarch64-poky-linux/gcc/aarch64-poky-linux/9.3.0/../../../../../aarch64-poky-linux/include"]
  ignore line: [#include "..." search starts here:]
  ignore line: [#include <...> search starts here:]
  ignore line: [ /home/isidro/poky_sdk2/tmp/sysroots/x86_64/usr/bin/aarch64-poky-linux/../../lib/aarch64-poky-linux/gcc/aarch64-poky-linux/9.3.0/include]
  ignore line: [ /home/isidro/poky_sdk2/tmp/sysroots/x86_64/usr/bin/aarch64-poky-linux/../../lib/aarch64-poky-linux/gcc/aarch64-poky-linux/9.3.0/include-fixed]
  ignore line: [ /home/isidro/poky_sdk2/tmp/sysroots/raspberrypi3-64/usr/include/c++/9.3.0]
  ignore line: [ /home/isidro/poky_sdk2/tmp/sysroots/raspberrypi3-64/usr/include/c++/9.3.0/aarch64-poky-linux]
  ignore line: [ /home/isidro/poky_sdk2/tmp/sysroots/raspberrypi3-64/usr/include/c++/9.3.0/backward]
  ignore line: [ /home/isidro/poky_sdk2/tmp/sysroots/raspberrypi3-64/usr/lib/aarch64-poky-linux/9.3.0/include]
  ignore line: [ /home/isidro/poky_sdk2/tmp/sysroots/raspberrypi3-64/usr/include]
  ignore line: [End of search list.]
  ignore line: [GNU C++14 (GCC) version 9.3.0 (aarch64-poky-linux)]
  ignore line: [	compiled by GNU C version 9.3.0  GMP version 6.2.0  MPFR version 4.0.2  MPC version 1.1.0  isl version none]
  ignore line: [GGC heuristics: --param ggc-min-expand=100 --param ggc-min-heapsize=131072]
  ignore line: [Compiler executable checksum: 7a957f42a0f9430f3fb04ebd3988d4b3]
  ignore line: [COMPILER_PATH=/home/isidro/poky_sdk2/tmp/sysroots/x86_64/usr/bin/aarch64-poky-linux/../../libexec/aarch64-poky-linux/gcc/aarch64-poky-linux/9.3.0/:/home/isidro/poky_sdk2/tmp/sysroots/x86_64/usr/bin/aarch64-poky-linux/../../libexec/aarch64-poky-linux/gcc/]
  ignore line: [LIBRARY_PATH=/home/isidro/poky_sdk2/tmp/sysroots/x86_64/usr/bin/aarch64-poky-linux/../../lib/aarch64-poky-linux/gcc/aarch64-poky-linux/9.3.0/:/home/isidro/poky_sdk2/tmp/sysroots/x86_64/usr/bin/aarch64-poky-linux/../../lib/aarch64-poky-linux/gcc/:/home/isidro/poky_sdk2/tmp/sysroots/raspberrypi3-64/lib/:/home/isidro/poky_sdk2/tmp/sysroots/raspberrypi3-64/usr/lib/aarch64-poky-linux/9.3.0/:/home/isidro/poky_sdk2/tmp/sysroots/raspberrypi3-64/usr/lib/]
  ignore line: [COLLECT_GCC_OPTIONS='--sysroot=/home/isidro/poky_sdk2/tmp/sysroots/raspberrypi3-64' '-mcpu=cortex-a53+crc' '-fstack-protector-strong' '-D' '_FORTIFY_SOURCE=2' '-Wformat=1' '-Wformat-security' '-Werror=format-security' '-O2' '-pipe' '-g' '-feliminate-unused-debug-types' '-v' '-o' 'CMakeFiles/cmTC_ff13f.dir/CMakeCXXCompilerABI.cpp.o' '-c' '-shared-libgcc' '-mlittle-endian' '-mabi=lp64']
  ignore line: [Linking CXX executable cmTC_ff13f]
  ignore line: [/home/isidro/poky_sdk2/tmp/sysroots/x86_64/usr/bin/cmake -E cmake_link_script CMakeFiles/cmTC_ff13f.dir/link.txt --verbose=1]
  ignore line: [/home/isidro/poky_sdk2/tmp/sysroots/x86_64/usr/bin/aarch64-poky-linux/aarch64-poky-linux-g++   -mcpu=cortex-a53+crc -fstack-protector-strong  -D_FORTIFY_SOURCE=2 -Wformat -Wformat-security -Werror=format-security --sysroot=/home/isidro/poky_sdk2/tmp/sysroots/raspberrypi3-64 --sysroot=/home/isidro/poky_sdk2/tmp/sysroots/raspberrypi3-64   -O2 -pipe -g -feliminate-unused-debug-types    -Wl -O1 -Wl --hash-style=gnu -Wl --as-needed -fstack-protector-strong -Wl -z relro -z now -v -rdynamic CMakeFiles/cmTC_ff13f.dir/CMakeCXXCompilerABI.cpp.o  -o cmTC_ff13f ]
  ignore line: [Using built-in specs.]
  ignore line: [COLLECT_GCC=/home/isidro/poky_sdk2/tmp/sysroots/x86_64/usr/bin/aarch64-poky-linux/aarch64-poky-linux-g++]
  ignore line: [COLLECT_LTO_WRAPPER=/home/isidro/poky_sdk2/tmp/sysroots/x86_64/usr/bin/aarch64-poky-linux/../../libexec/aarch64-poky-linux/gcc/aarch64-poky-linux/9.3.0/lto-wrapper]
  ignore line: [Target: aarch64-poky-linux]
  ignore line: [Configured with: ../../../../../../work-shared/gcc-9.3.0-r0/gcc-9.3.0/configure --build=x86_64-linux --host=x86_64-linux --target=aarch64-poky-linux --prefix=/host-native/usr --exec_prefix=/host-native/usr --bindir=/host-native/usr/bin/aarch64-poky-linux --sbindir=/host-native/usr/bin/aarch64-poky-linux --libexecdir=/host-native/usr/libexec/aarch64-poky-linux --datadir=/host-native/usr/share --sysconfdir=/host-native/etc --sharedstatedir=/host-native/com --localstatedir=/host-native/var --libdir=/host-native/usr/lib/aarch64-poky-linux --includedir=/host-native/usr/include --oldincludedir=/host-native/usr/include --infodir=/host-native/usr/share/info --mandir=/host-native/usr/share/man --disable-silent-rules --disable-dependency-tracking --with-libtool-sysroot=/host-native --enable-clocale=generic --with-gnu-ld --enable-shared --enable-languages=c,c++ --enable-threads=posix --disable-multilib --enable-default-pie --enable-c99 --enable-long-long --enable-symvers=gnu --enable-libstdcxx-pch --program-prefix=aarch64-poky-linux- --without-local-prefix --disable-install-libiberty --enable-lto --disable-libssp --enable-libitm --disable-bootstrap --disable-libmudflap --with-system-zlib --with-linker-hash-style=sysv --enable-linker-build-id --with-ppl=no --with-cloog=no --enable-checking=release --enable-cheaders=c_global --without-isl --with-gxx-include-dir=/not/exist/usr/include/c++/9.3.0 --with-sysroot=/not/exist --with-build-sysroot=/host --enable-poison-system-directories --with-system-zlib --disable-static --disable-nls --with-glibc-version=2.28 --enable-initfini-array --enable-__cxa_atexit]
  ignore line: [Thread model: posix]
  ignore line: [gcc version 9.3.0 (GCC) ]
  ignore line: [COMPILER_PATH=/home/isidro/poky_sdk2/tmp/sysroots/x86_64/usr/bin/aarch64-poky-linux/../../libexec/aarch64-poky-linux/gcc/aarch64-poky-linux/9.3.0/:/home/isidro/poky_sdk2/tmp/sysroots/x86_64/usr/bin/aarch64-poky-linux/../../libexec/aarch64-poky-linux/gcc/]
  ignore line: [LIBRARY_PATH=/home/isidro/poky_sdk2/tmp/sysroots/x86_64/usr/bin/aarch64-poky-linux/../../lib/aarch64-poky-linux/gcc/aarch64-poky-linux/9.3.0/:/home/isidro/poky_sdk2/tmp/sysroots/x86_64/usr/bin/aarch64-poky-linux/../../lib/aarch64-poky-linux/gcc/:/home/isidro/poky_sdk2/tmp/sysroots/raspberrypi3-64/lib/:/home/isidro/poky_sdk2/tmp/sysroots/raspberrypi3-64/usr/lib/aarch64-poky-linux/9.3.0/:/home/isidro/poky_sdk2/tmp/sysroots/raspberrypi3-64/usr/lib/]
  ignore line: [COLLECT_GCC_OPTIONS='--sysroot=/home/isidro/poky_sdk2/tmp/sysroots/raspberrypi3-64' '-mcpu=cortex-a53+crc' '-fstack-protector-strong' '-D' '_FORTIFY_SOURCE=2' '-Wformat=1' '-Wformat-security' '-Werror=format-security' '-O2' '-pipe' '-g' '-feliminate-unused-debug-types' '-fstack-protector-strong' '-v' '-rdynamic' '-o' 'cmTC_ff13f' '-shared-libgcc' '-mlittle-endian' '-mabi=lp64']
  link line: [ /home/isidro/poky_sdk2/tmp/sysroots/x86_64/usr/bin/aarch64-poky-linux/../../libexec/aarch64-poky-linux/gcc/aarch64-poky-linux/9.3.0/collect2 -plugin /home/isidro/poky_sdk2/tmp/sysroots/x86_64/usr/bin/aarch64-poky-linux/../../libexec/aarch64-poky-linux/gcc/aarch64-poky-linux/9.3.0/liblto_plugin.so -plugin-opt=/home/isidro/poky_sdk2/tmp/sysroots/x86_64/usr/bin/aarch64-poky-linux/../../libexec/aarch64-poky-linux/gcc/aarch64-poky-linux/9.3.0/lto-wrapper -plugin-opt=-fresolution=/tmp/ccuDazaw.res -plugin-opt=-pass-through=-lgcc_s -plugin-opt=-pass-through=-lgcc -plugin-opt=-pass-through=-lc -plugin-opt=-pass-through=-lgcc_s -plugin-opt=-pass-through=-lgcc --sysroot=/home/isidro/poky_sdk2/tmp/sysroots/raspberrypi3-64 --build-id --eh-frame-hdr --hash-style=sysv -export-dynamic -dynamic-linker /lib/ld-linux-aarch64.so.1 -X -EL -maarch64linux -pie -o cmTC_ff13f /home/isidro/poky_sdk2/tmp/sysroots/raspberrypi3-64/usr/lib/Scrt1.o /home/isidro/poky_sdk2/tmp/sysroots/raspberrypi3-64/usr/lib/crti.o /home/isidro/poky_sdk2/tmp/sysroots/raspberrypi3-64/usr/lib/aarch64-poky-linux/9.3.0/crtbeginS.o -L/home/isidro/poky_sdk2/tmp/sysroots/x86_64/usr/bin/aarch64-poky-linux/../../lib/aarch64-poky-linux/gcc/aarch64-poky-linux/9.3.0 -L/home/isidro/poky_sdk2/tmp/sysroots/x86_64/usr/bin/aarch64-poky-linux/../../lib/aarch64-poky-linux/gcc -L/home/isidro/poky_sdk2/tmp/sysroots/raspberrypi3-64/lib -L/home/isidro/poky_sdk2/tmp/sysroots/raspberrypi3-64/usr/lib/aarch64-poky-linux/9.3.0 -L/home/isidro/poky_sdk2/tmp/sysroots/raspberrypi3-64/usr/lib -O1 --hash-style=gnu --as-needed -z relro -z now CMakeFiles/cmTC_ff13f.dir/CMakeCXXCompilerABI.cpp.o -lstdc++ -lm -lgcc_s -lgcc -lc -lgcc_s -lgcc /home/isidro/poky_sdk2/tmp/sysroots/raspberrypi3-64/usr/lib/aarch64-poky-linux/9.3.0/crtendS.o /home/isidro/poky_sdk2/tmp/sysroots/raspberrypi3-64/usr/lib/crtn.o]
    arg [/home/isidro/poky_sdk2/tmp/sysroots/x86_64/usr/bin/aarch64-poky-linux/../../libexec/aarch64-poky-linux/gcc/aarch64-poky-linux/9.3.0/collect2] ==> ignore
    arg [-plugin] ==> ignore
    arg [/home/isidro/poky_sdk2/tmp/sysroots/x86_64/usr/bin/aarch64-poky-linux/../../libexec/aarch64-poky-linux/gcc/aarch64-poky-linux/9.3.0/liblto_plugin.so] ==> ignore
    arg [-plugin-opt=/home/isidro/poky_sdk2/tmp/sysroots/x86_64/usr/bin/aarch64-poky-linux/../../libexec/aarch64-poky-linux/gcc/aarch64-poky-linux/9.3.0/lto-wrapper] ==> ignore
    arg [-plugin-opt=-fresolution=/tmp/ccuDazaw.res] ==> ignore
    arg [-plugin-opt=-pass-through=-lgcc_s] ==> ignore
    arg [-plugin-opt=-pass-through=-lgcc] ==> ignore
    arg [-plugin-opt=-pass-through=-lc] ==> ignore
    arg [-plugin-opt=-pass-through=-lgcc_s] ==> ignore
    arg [-plugin-opt=-pass-through=-lgcc] ==> ignore
    arg [--sysroot=/home/isidro/poky_sdk2/tmp/sysroots/raspberrypi3-64] ==> ignore
    arg [--build-id] ==> ignore
    arg [--eh-frame-hdr] ==> ignore
    arg [--hash-style=sysv] ==> ignore
    arg [-export-dynamic] ==> ignore
    arg [-dynamic-linker] ==> ignore
    arg [/lib/ld-linux-aarch64.so.1] ==> ignore
    arg [-X] ==> ignore
    arg [-EL] ==> ignore
    arg [-maarch64linux] ==> ignore
    arg [-pie] ==> ignore
    arg [-o] ==> ignore
    arg [cmTC_ff13f] ==> ignore
    arg [/home/isidro/poky_sdk2/tmp/sysroots/raspberrypi3-64/usr/lib/Scrt1.o] ==> ignore
    arg [/home/isidro/poky_sdk2/tmp/sysroots/raspberrypi3-64/usr/lib/crti.o] ==> ignore
    arg [/home/isidro/poky_sdk2/tmp/sysroots/raspberrypi3-64/usr/lib/aarch64-poky-linux/9.3.0/crtbeginS.o] ==> ignore
    arg [-L/home/isidro/poky_sdk2/tmp/sysroots/x86_64/usr/bin/aarch64-poky-linux/../../lib/aarch64-poky-linux/gcc/aarch64-poky-linux/9.3.0] ==> dir [/home/isidro/poky_sdk2/tmp/sysroots/x86_64/usr/bin/aarch64-poky-linux/../../lib/aarch64-poky-linux/gcc/aarch64-poky-linux/9.3.0]
    arg [-L/home/isidro/poky_sdk2/tmp/sysroots/x86_64/usr/bin/aarch64-poky-linux/../../lib/aarch64-poky-linux/gcc] ==> dir [/home/isidro/poky_sdk2/tmp/sysroots/x86_64/usr/bin/aarch64-poky-linux/../../lib/aarch64-poky-linux/gcc]
    arg [-L/home/isidro/poky_sdk2/tmp/sysroots/raspberrypi3-64/lib] ==> dir [/home/isidro/poky_sdk2/tmp/sysroots/raspberrypi3-64/lib]
    arg [-L/home/isidro/poky_sdk2/tmp/sysroots/raspberrypi3-64/usr/lib/aarch64-poky-linux/9.3.0] ==> dir [/home/isidro/poky_sdk2/tmp/sysroots/raspberrypi3-64/usr/lib/aarch64-poky-linux/9.3.0]
    arg [-L/home/isidro/poky_sdk2/tmp/sysroots/raspberrypi3-64/usr/lib] ==> dir [/home/isidro/poky_sdk2/tmp/sysroots/raspberrypi3-64/usr/lib]
    arg [-O1] ==> ignore
    arg [--hash-style=gnu] ==> ignore
    arg [--as-needed] ==> ignore
    arg [-zrelro] ==> ignore
    arg [-znow] ==> ignore
    arg [CMakeFiles/cmTC_ff13f.dir/CMakeCXXCompilerABI.cpp.o] ==> ignore
    arg [-lstdc++] ==> lib [stdc++]
    arg [-lm] ==> lib [m]
    arg [-lgcc_s] ==> lib [gcc_s]
    arg [-lgcc] ==> lib [gcc]
    arg [-lc] ==> lib [c]
    arg [-lgcc_s] ==> lib [gcc_s]
    arg [-lgcc] ==> lib [gcc]
    arg [/home/isidro/poky_sdk2/tmp/sysroots/raspberrypi3-64/usr/lib/aarch64-poky-linux/9.3.0/crtendS.o] ==> ignore
    arg [/home/isidro/poky_sdk2/tmp/sysroots/raspberrypi3-64/usr/lib/crtn.o] ==> ignore
  collapse library dir [/home/isidro/poky_sdk2/tmp/sysroots/x86_64/usr/bin/aarch64-poky-linux/../../lib/aarch64-poky-linux/gcc/aarch64-poky-linux/9.3.0] ==> [/home/isidro/poky_sdk2/tmp/sysroots/x86_64/usr/lib/aarch64-poky-linux/gcc/aarch64-poky-linux/9.3.0]
  collapse library dir [/home/isidro/poky_sdk2/tmp/sysroots/x86_64/usr/bin/aarch64-poky-linux/../../lib/aarch64-poky-linux/gcc] ==> [/home/isidro/poky_sdk2/tmp/sysroots/x86_64/usr/lib/aarch64-poky-linux/gcc]
  collapse library dir [/home/isidro/poky_sdk2/tmp/sysroots/raspberrypi3-64/lib] ==> [/home/isidro/poky_sdk2/tmp/sysroots/raspberrypi3-64/lib]
  collapse library dir [/home/isidro/poky_sdk2/tmp/sysroots/raspberrypi3-64/usr/lib/aarch64-poky-linux/9.3.0] ==> [/home/isidro/poky_sdk2/tmp/sysroots/raspberrypi3-64/usr/lib/aarch64-poky-linux/9.3.0]
  collapse library dir [/home/isidro/poky_sdk2/tmp/sysroots/raspberrypi3-64/usr/lib] ==> [/home/isidro/poky_sdk2/tmp/sysroots/raspberrypi3-64/usr/lib]
  implicit libs: [stdc++;m;gcc_s;gcc;c;gcc_s;gcc]
  implicit dirs: [/home/isidro/poky_sdk2/tmp/sysroots/x86_64/usr/lib/aarch64-poky-linux/gcc/aarch64-poky-linux/9.3.0;/home/isidro/poky_sdk2/tmp/sysroots/x86_64/usr/lib/aarch64-poky-linux/gcc;/home/isidro/poky_sdk2/tmp/sysroots/raspberrypi3-64/lib;/home/isidro/poky_sdk2/tmp/sysroots/raspberrypi3-64/usr/lib/aarch64-poky-linux/9.3.0;/home/isidro/poky_sdk2/tmp/sysroots/raspberrypi3-64/usr/lib]
  implicit fwks: []


Determining if the include file pthread.h exists passed with the following output:
Change Dir: /home/isidro/embedded-linux/rpi-ws2812-server/build/CMakeFiles/CMakeTmp

Run Build Command(s):/home/isidro/poky_sdk2/buildtools/sysroots/x86_64-pokysdk-linux/usr/bin/make cmTC_e27fb/fast && /home/isidro/poky_sdk2/buildtools/sysroots/x86_64-pokysdk-linux/usr/bin/make -f CMakeFiles/cmTC_e27fb.dir/build.make CMakeFiles/cmTC_e27fb.dir/build
make[1]: Entering directory '/home/isidro/embedded-linux/rpi-ws2812-server/build/CMakeFiles/CMakeTmp'
Building C object CMakeFiles/cmTC_e27fb.dir/CheckIncludeFile.c.o
/home/isidro/poky_sdk2/tmp/sysroots/x86_64/usr/bin/aarch64-poky-linux/aarch64-poky-linux-gcc   -mcpu=cortex-a53+crc -fstack-protector-strong  -D_FORTIFY_SOURCE=2 -Wformat -Wformat-security -Werror=format-security --sysroot=/home/isidro/poky_sdk2/tmp/sysroots/raspberrypi3-64 --sysroot=/home/isidro/poky_sdk2/tmp/sysroots/raspberrypi3-64   -O2 -pipe -g -feliminate-unused-debug-types     -o CMakeFiles/cmTC_e27fb.dir/CheckIncludeFile.c.o   -c /home/isidro/embedded-linux/rpi-ws2812-server/build/CMakeFiles/CMakeTmp/CheckIncludeFile.c
Linking C executable cmTC_e27fb
/home/isidro/poky_sdk2/tmp/sysroots/x86_64/usr/bin/cmake -E cmake_link_script CMakeFiles/cmTC_e27fb.dir/link.txt --verbose=1
/home/isidro/poky_sdk2/tmp/sysroots/x86_64/usr/bin/aarch64-poky-linux/aarch64-poky-linux-gcc   -mcpu=cortex-a53+crc -fstack-protector-strong  -D_FORTIFY_SOURCE=2 -Wformat -Wformat-security -Werror=format-security --sysroot=/home/isidro/poky_sdk2/tmp/sysroots/raspberrypi3-64 --sysroot=/home/isidro/poky_sdk2/tmp/sysroots/raspberrypi3-64  -O2 -pipe -g -feliminate-unused-debug-types    -Wl,-O1 -Wl,--hash-style=gnu -Wl,--as-needed -fstack-protector-strong -Wl,-z,relro,-z,now  -rdynamic CMakeFiles/cmTC_e27fb.dir/CheckIncludeFile.c.o  -o cmTC_e27fb 
make[1]: Leaving directory '/home/isidro/embedded-linux/rpi-ws2812-server/build/CMakeFiles/CMakeTmp'



