Performing C SOURCE FILE Test CMAKE_HAVE_LIBC_PTHREAD failed with the following output:
Change Dir: /home/isidro/embedded-linux/rpi-ws2812-server/build/CMakeFiles/CMakeTmp

Run Build Command(s):/home/isidro/poky_sdk2/buildtools/sysroots/x86_64-pokysdk-linux/usr/bin/make cmTC_96d41/fast && /home/isidro/poky_sdk2/buildtools/sysroots/x86_64-pokysdk-linux/usr/bin/make -f CMakeFiles/cmTC_96d41.dir/build.make CMakeFiles/cmTC_96d41.dir/build
make[1]: Entering directory '/home/isidro/embedded-linux/rpi-ws2812-server/build/CMakeFiles/CMakeTmp'
Building C object CMakeFiles/cmTC_96d41.dir/src.c.o
/home/isidro/poky_sdk2/tmp/sysroots/x86_64/usr/bin/aarch64-poky-linux/aarch64-poky-linux-gcc   -mcpu=cortex-a53+crc -fstack-protector-strong  -D_FORTIFY_SOURCE=2 -Wformat -Wformat-security -Werror=format-security --sysroot=/home/isidro/poky_sdk2/tmp/sysroots/raspberrypi3-64 --sysroot=/home/isidro/poky_sdk2/tmp/sysroots/raspberrypi3-64   -O2 -pipe -g -feliminate-unused-debug-types  -DCMAKE_HAVE_LIBC_PTHREAD   -o CMakeFiles/cmTC_96d41.dir/src.c.o   -c /home/isidro/embedded-linux/rpi-ws2812-server/build/CMakeFiles/CMakeTmp/src.c
Linking C executable cmTC_96d41
/home/isidro/poky_sdk2/tmp/sysroots/x86_64/usr/bin/cmake -E cmake_link_script CMakeFiles/cmTC_96d41.dir/link.txt --verbose=1
/home/isidro/poky_sdk2/tmp/sysroots/x86_64/usr/bin/aarch64-poky-linux/aarch64-poky-linux-gcc   -mcpu=cortex-a53+crc -fstack-protector-strong  -D_FORTIFY_SOURCE=2 -Wformat -Wformat-security -Werror=format-security --sysroot=/home/isidro/poky_sdk2/tmp/sysroots/raspberrypi3-64 --sysroot=/home/isidro/poky_sdk2/tmp/sysroots/raspberrypi3-64  -O2 -pipe -g -feliminate-unused-debug-types  -DCMAKE_HAVE_LIBC_PTHREAD  -Wl,-O1 -Wl,--hash-style=gnu -Wl,--as-needed -fstack-protector-strong -Wl,-z,relro,-z,now  -rdynamic CMakeFiles/cmTC_96d41.dir/src.c.o  -o cmTC_96d41 
/home/isidro/poky_sdk2/tmp/sysroots/x86_64/usr/bin/aarch64-poky-linux/../../libexec/aarch64-poky-linux/gcc/aarch64-poky-linux/9.3.0/ld: CMakeFiles/cmTC_96d41.dir/src.c.o: in function `main':
/home/isidro/embedded-linux/rpi-ws2812-server/build/CMakeFiles/CMakeTmp/src.c:11: undefined reference to `pthread_create'
/home/isidro/poky_sdk2/tmp/sysroots/x86_64/usr/bin/aarch64-poky-linux/../../libexec/aarch64-poky-linux/gcc/aarch64-poky-linux/9.3.0/ld: /home/isidro/embedded-linux/rpi-ws2812-server/build/CMakeFiles/CMakeTmp/src.c:12: undefined reference to `pthread_detach'
/home/isidro/poky_sdk2/tmp/sysroots/x86_64/usr/bin/aarch64-poky-linux/../../libexec/aarch64-poky-linux/gcc/aarch64-poky-linux/9.3.0/ld: /home/isidro/embedded-linux/rpi-ws2812-server/build/CMakeFiles/CMakeTmp/src.c:13: undefined reference to `pthread_join'
collect2: error: ld returned 1 exit status
make[1]: *** [CMakeFiles/cmTC_96d41.dir/build.make:87: cmTC_96d41] Error 1
make[1]: Leaving directory '/home/isidro/embedded-linux/rpi-ws2812-server/build/CMakeFiles/CMakeTmp'
make: *** [Makefile:121: cmTC_96d41/fast] Error 2


Source file was:
#include <pthread.h>

void* test_func(void* data)
{
  return data;
}

int main(void)
{
  pthread_t thread;
  pthread_create(&thread, NULL, test_func, NULL);
  pthread_detach(thread);
  pthread_join(thread, NULL);
  pthread_atfork(NULL, NULL, NULL);
  pthread_exit(NULL);

  return 0;
}

